This file contains any messages produced by compilers while
running configure, to aid debugging if configure makes a mistake.

It was created by opensmppbox configure svn, which was
generated by GNU Autoconf 2.63.  Invocation command line was

  $ ./configure 

## --------- ##
## Platform. ##
## --------- ##

hostname = ip-166-62-16-78.ip.secureserver.net
uname -m = x86_64
uname -r = 2.6.32-042stab133.2
uname -s = Linux
uname -v = #1 SMP Mon Aug 27 21:07:08 MSK 2018

/usr/bin/uname -p = unknown
/bin/uname -X     = unknown

/bin/arch              = x86_64
/usr/bin/arch -k       = unknown
/usr/convex/getsysinfo = unknown
/usr/bin/hostinfo      = unknown
/bin/machine           = unknown
/usr/bin/oslevel       = unknown
/bin/universe          = unknown

PATH: /usr/local/cpanel/3rdparty/lib/path-bin
PATH: /usr/local/jdk/bin
PATH: /usr/local/cpanel/3rdparty/lib/path-bin
PATH: /usr/local/cpanel/3rdparty/lib/path-bin
PATH: /usr/local/jdk/bin
PATH: /usr/kerberos/sbin
PATH: /usr/kerberos/bin
PATH: /usr/local/sbin
PATH: /usr/local/bin
PATH: /sbin
PATH: /bin
PATH: /usr/sbin
PATH: /usr/bin
PATH: /usr/X11R6/bin
PATH: /usr/local/bin
PATH: /usr/X11R6/bin
PATH: /root/bin
PATH: /opt/bin
PATH: /opt/cpanel/composer/bin
PATH: /usr/local/bin
PATH: /usr/X11R6/bin
PATH: /root/bin


## ----------- ##
## Core tests. ##
## ----------- ##

configure:2124: checking for a BSD-compatible install
configure:2192: result: /usr/bin/install -c
configure:2203: checking whether build environment is sane
configure:2263: result: yes
configure:2404: checking for a thread-safe mkdir -p
configure:2443: result: /bin/mkdir -p
configure:2456: checking for gawk
configure:2472: found /bin/gawk
configure:2483: result: gawk
configure:2494: checking whether make sets $(MAKE)
configure:2516: result: yes
configure:2601: checking whether to enable maintainer-specific portions of Makefiles
configure:2610: result: no
configure:2629: checking build system type
configure:2647: result: x86_64-unknown-linux-gnu
configure:2669: checking host system type
configure:2684: result: x86_64-unknown-linux-gnu
configure:2709: checking svn checkout revision
configure:2719: result: 
configure:2783: checking for style of include used by make
configure:2811: result: GNU
configure:2881: checking for gcc
configure:2897: found /usr/bin/gcc
configure:2908: result: gcc
configure:3140: checking for C compiler version
configure:3148: gcc --version >&5
gcc (GCC) 4.4.7 20120313 (Red Hat 4.4.7-11)
Copyright (C) 2010 Free Software Foundation, Inc.
This is free software; see the source for copying conditions.  There is NO
warranty; not even for MERCHANTABILITY or FITNESS FOR A PARTICULAR PURPOSE.

configure:3152: $? = 0
configure:3159: gcc -v >&5
Using built-in specs.
Target: x86_64-redhat-linux
Configured with: ../configure --prefix=/usr --mandir=/usr/share/man --infodir=/usr/share/info --with-bugurl=http://bugzilla.redhat.com/bugzilla --enable-bootstrap --enable-shared --enable-threads=posix --enable-checking=release --with-system-zlib --enable-__cxa_atexit --disable-libunwind-exceptions --enable-gnu-unique-object --enable-languages=c,c++,objc,obj-c++,java,fortran,ada --enable-java-awt=gtk --disable-dssi --with-java-home=/usr/lib/jvm/java-1.5.0-gcj-1.5.0.0/jre --enable-libgcj-multifile --enable-java-maintainer-mode --with-ecj-jar=/usr/share/java/eclipse-ecj.jar --disable-libjava-multilib --with-ppl --with-cloog --with-tune=generic --with-arch_32=i686 --build=x86_64-redhat-linux
Thread model: posix
gcc version 4.4.7 20120313 (Red Hat 4.4.7-11) (GCC) 
configure:3163: $? = 0
configure:3170: gcc -V >&5
gcc: '-V' option must have argument
configure:3174: $? = 1
configure:3197: checking for C compiler default output file name
configure:3219: gcc    conftest.c  >&5
conftest.c:11:1: warning: "VERSION" redefined
conftest.c:8:1: warning: this is the location of the previous definition
configure:3223: $? = 0
configure:3261: result: a.out
configure:3280: checking whether the C compiler works
configure:3290: ./a.out
configure:3294: $? = 0
configure:3313: result: yes
configure:3320: checking whether we are cross compiling
configure:3322: result: no
configure:3325: checking for suffix of executables
configure:3332: gcc -o conftest    conftest.c  >&5
conftest.c:11:1: warning: "VERSION" redefined
conftest.c:8:1: warning: this is the location of the previous definition
configure:3336: $? = 0
configure:3362: result: 
configure:3368: checking for suffix of object files
configure:3394: gcc -c   conftest.c >&5
conftest.c:11:1: warning: "VERSION" redefined
conftest.c:8:1: warning: this is the location of the previous definition
configure:3398: $? = 0
configure:3423: result: o
configure:3427: checking whether we are using the GNU C compiler
configure:3456: gcc -c   conftest.c >&5
conftest.c:11:1: warning: "VERSION" redefined
conftest.c:8:1: warning: this is the location of the previous definition
configure:3463: $? = 0
configure:3480: result: yes
configure:3489: checking whether gcc accepts -g
configure:3519: gcc -c -g  conftest.c >&5
conftest.c:11:1: warning: "VERSION" redefined
conftest.c:8:1: warning: this is the location of the previous definition
configure:3526: $? = 0
configure: failed program was:
| /* confdefs.h.  */
| #define PACKAGE_NAME "opensmppbox"
| #define PACKAGE_TARNAME "opensmppbox"
| #define PACKAGE_VERSION "svn"
| #define PACKAGE_STRING "opensmppbox svn"
| #define PACKAGE_BUGREPORT "devel@kannel.org"
| #define PACKAGE ""
| #define VERSION ""
| #define GW_NAME "OpenSMPPBox"
| #define GW_VERSION "svn-r"
| #define VERSION "svn-r"
| /* end confdefs.h.  */
| 
| int
| main ()
| {
| 
|   ;
|   return 0;
| }
configure:3558: gcc -c   conftest.c >&5
conftest.c:11:1: warning: "VERSION" redefined
conftest.c:8:1: warning: this is the location of the previous definition
configure:3565: $? = 0
configure: failed program was:
| /* confdefs.h.  */
| #define PACKAGE_NAME "opensmppbox"
| #define PACKAGE_TARNAME "opensmppbox"
| #define PACKAGE_VERSION "svn"
| #define PACKAGE_STRING "opensmppbox svn"
| #define PACKAGE_BUGREPORT "devel@kannel.org"
| #define PACKAGE ""
| #define VERSION ""
| #define GW_NAME "OpenSMPPBox"
| #define GW_VERSION "svn-r"
| #define VERSION "svn-r"
| /* end confdefs.h.  */
| 
| int
| main ()
| {
| 
|   ;
|   return 0;
| }
configure:3598: gcc -c -g  conftest.c >&5
conftest.c:11:1: warning: "VERSION" redefined
conftest.c:8:1: warning: this is the location of the previous definition
configure:3605: $? = 0
configure:3627: result: yes
configure:3644: checking for gcc option to accept ISO C89
configure:3718: gcc  -c -g -O2  conftest.c >&5
conftest.c:11:1: warning: "VERSION" redefined
conftest.c:8:1: warning: this is the location of the previous definition
configure:3725: $? = 0
configure:3748: result: none needed
configure:3768: checking dependency style of gcc
configure:3878: result: gcc3
configure:3893: checking for a sed that does not truncate output
configure:3959: result: /bin/sed
configure:3977: checking for grep that handles long lines and -e
configure:4037: result: /bin/grep
configure:4042: checking for egrep
configure:4106: result: /bin/grep -E
configure:4111: checking for fgrep
configure:4175: result: /bin/grep -F
configure:4210: checking for ld used by gcc
configure:4277: result: /usr/bin/ld
configure:4286: checking if the linker (/usr/bin/ld) is GNU ld
configure:4301: result: yes
configure:4313: checking for BSD- or MS-compatible name lister (nm)
configure:4362: result: /usr/bin/nm -B
configure:4480: checking the name lister (/usr/bin/nm -B) interface
configure:4487: gcc -c -g -O2  conftest.c >&5
configure:4490: /usr/bin/nm -B "conftest.o"
configure:4493: output
0000000000000000 B some_variable
configure:4500: result: BSD nm
configure:4503: checking whether ln -s works
configure:4507: result: yes
configure:4515: checking the maximum length of command line arguments
configure:4635: result: 1966080
configure:4652: checking whether the shell understands some XSI constructs
configure:4662: result: yes
configure:4666: checking whether the shell understands "+="
configure:4672: result: yes
configure:4707: checking for /usr/bin/ld option to reload object files
configure:4714: result: -r
configure:4783: checking for objdump
configure:4799: found /usr/bin/objdump
configure:4810: result: objdump
configure:4842: checking how to recognize dependent libraries
configure:5038: result: pass_all
configure:5098: checking for ar
configure:5114: found /usr/bin/ar
configure:5125: result: ar
configure:5203: checking for strip
configure:5219: found /usr/bin/strip
configure:5230: result: strip
configure:5302: checking for ranlib
configure:5318: found /usr/bin/ranlib
configure:5329: result: ranlib
configure:5419: checking command to parse /usr/bin/nm -B output from gcc object
configure:5537: gcc -c -g -O2  conftest.c >&5
configure:5540: $? = 0
configure:5544: /usr/bin/nm -B conftest.o \| sed -n -e 's/^.*[	 ]\([ABCDGIRSTW][ABCDGIRSTW]*\)[	 ][	 ]*\([_A-Za-z][_A-Za-z0-9]*\)$/\1 \2 \2/p' \> conftest.nm
configure:5547: $? = 0
configure:5601: gcc -o conftest -g -O2   conftest.c conftstm.o >&5
configure:5604: $? = 0
configure:5642: result: ok
configure:5738: gcc -c -g -O2  conftest.c >&5
configure:5741: $? = 0
configure:6509: checking how to run the C preprocessor
configure:6549: gcc -E  conftest.c
conftest.c:11:1: warning: "VERSION" redefined
conftest.c:8:1: warning: this is the location of the previous definition
configure:6556: $? = 0
configure:6587: gcc -E  conftest.c
conftest.c:11:1: warning: "VERSION" redefined
conftest.c:8:1: warning: this is the location of the previous definition
conftest.c:13:28: error: ac_nonexistent.h: No such file or directory
configure:6594: $? = 1
configure: failed program was:
| /* confdefs.h.  */
| #define PACKAGE_NAME "opensmppbox"
| #define PACKAGE_TARNAME "opensmppbox"
| #define PACKAGE_VERSION "svn"
| #define PACKAGE_STRING "opensmppbox svn"
| #define PACKAGE_BUGREPORT "devel@kannel.org"
| #define PACKAGE ""
| #define VERSION ""
| #define GW_NAME "OpenSMPPBox"
| #define GW_VERSION "svn-r"
| #define VERSION "svn-r"
| /* end confdefs.h.  */
| #include <ac_nonexistent.h>
configure:6627: result: gcc -E
configure:6656: gcc -E  conftest.c
conftest.c:11:1: warning: "VERSION" redefined
conftest.c:8:1: warning: this is the location of the previous definition
configure:6663: $? = 0
configure:6694: gcc -E  conftest.c
conftest.c:11:1: warning: "VERSION" redefined
conftest.c:8:1: warning: this is the location of the previous definition
conftest.c:13:28: error: ac_nonexistent.h: No such file or directory
configure:6701: $? = 1
configure: failed program was:
| /* confdefs.h.  */
| #define PACKAGE_NAME "opensmppbox"
| #define PACKAGE_TARNAME "opensmppbox"
| #define PACKAGE_VERSION "svn"
| #define PACKAGE_STRING "opensmppbox svn"
| #define PACKAGE_BUGREPORT "devel@kannel.org"
| #define PACKAGE ""
| #define VERSION ""
| #define GW_NAME "OpenSMPPBox"
| #define GW_VERSION "svn-r"
| #define VERSION "svn-r"
| /* end confdefs.h.  */
| #include <ac_nonexistent.h>
configure:6741: checking for ANSI C header files
configure:6771: gcc -c -g -O2  conftest.c >&5
conftest.c:11:1: warning: "VERSION" redefined
conftest.c:8:1: warning: this is the location of the previous definition
configure:6778: $? = 0
conftest.c:11:1: warning: "VERSION" redefined
conftest.c:8:1: warning: this is the location of the previous definition
conftest.c:11:1: warning: "VERSION" redefined
conftest.c:8:1: warning: this is the location of the previous definition
configure:6877: gcc -o conftest -g -O2   conftest.c  >&5
conftest.c:11:1: warning: "VERSION" redefined
conftest.c:8:1: warning: this is the location of the previous definition
configure:6881: $? = 0
configure:6887: ./conftest
configure:6891: $? = 0
configure:6909: result: yes
configure:6933: checking for sys/types.h
configure:6954: gcc -c -g -O2  conftest.c >&5
conftest.c:11:1: warning: "VERSION" redefined
conftest.c:8:1: warning: this is the location of the previous definition
configure:6961: $? = 0
configure:6978: result: yes
configure:6933: checking for sys/stat.h
configure:6954: gcc -c -g -O2  conftest.c >&5
conftest.c:11:1: warning: "VERSION" redefined
conftest.c:8:1: warning: this is the location of the previous definition
configure:6961: $? = 0
configure:6978: result: yes
configure:6933: checking for stdlib.h
configure:6954: gcc -c -g -O2  conftest.c >&5
conftest.c:11:1: warning: "VERSION" redefined
conftest.c:8:1: warning: this is the location of the previous definition
configure:6961: $? = 0
configure:6978: result: yes
configure:6933: checking for string.h
configure:6954: gcc -c -g -O2  conftest.c >&5
conftest.c:11:1: warning: "VERSION" redefined
conftest.c:8:1: warning: this is the location of the previous definition
configure:6961: $? = 0
configure:6978: result: yes
configure:6933: checking for memory.h
configure:6954: gcc -c -g -O2  conftest.c >&5
conftest.c:11:1: warning: "VERSION" redefined
conftest.c:8:1: warning: this is the location of the previous definition
configure:6961: $? = 0
configure:6978: result: yes
configure:6933: checking for strings.h
configure:6954: gcc -c -g -O2  conftest.c >&5
conftest.c:11:1: warning: "VERSION" redefined
conftest.c:8:1: warning: this is the location of the previous definition
configure:6961: $? = 0
configure:6978: result: yes
configure:6933: checking for inttypes.h
configure:6954: gcc -c -g -O2  conftest.c >&5
conftest.c:11:1: warning: "VERSION" redefined
conftest.c:8:1: warning: this is the location of the previous definition
configure:6961: $? = 0
configure:6978: result: yes
configure:6933: checking for stdint.h
configure:6954: gcc -c -g -O2  conftest.c >&5
conftest.c:11:1: warning: "VERSION" redefined
conftest.c:8:1: warning: this is the location of the previous definition
configure:6961: $? = 0
configure:6978: result: yes
configure:6933: checking for unistd.h
configure:6954: gcc -c -g -O2  conftest.c >&5
conftest.c:11:1: warning: "VERSION" redefined
conftest.c:8:1: warning: this is the location of the previous definition
configure:6961: $? = 0
configure:6978: result: yes
configure:6996: checking for dlfcn.h
configure:7017: gcc -c -g -O2  conftest.c >&5
conftest.c:11:1: warning: "VERSION" redefined
conftest.c:8:1: warning: this is the location of the previous definition
configure:7024: $? = 0
configure:7041: result: yes
configure:7227: checking for objdir
configure:7242: result: .libs
configure:7534: checking if gcc supports -fno-rtti -fno-exceptions
configure:7552: gcc -c -g -O2  -fno-rtti -fno-exceptions conftest.c >&5
cc1: warning: command line option "-fno-rtti" is valid for C++/ObjC++ but not for C
configure:7556: $? = 0
configure:7569: result: no
configure:7589: checking for gcc option to produce PIC
configure:7861: result: -fPIC -DPIC
configure:7873: checking if gcc PIC flag -fPIC -DPIC works
configure:7891: gcc -c -g -O2  -fPIC -DPIC -DPIC conftest.c >&5
configure:7895: $? = 0
configure:7908: result: yes
configure:7932: checking if gcc static flag -static works
configure:7960: result: yes
configure:7975: checking if gcc supports -c -o file.o
configure:7996: gcc -c -g -O2  -o out/conftest2.o conftest.c >&5
configure:8000: $? = 0
configure:8022: result: yes
configure:8030: checking if gcc supports -c -o file.o
configure:8077: result: yes
configure:8110: checking whether the gcc linker (/usr/bin/ld -m elf_x86_64) supports shared libraries
configure:9184: result: yes
configure:9221: checking whether -lc should be explicitly linked in
configure:9226: gcc -c -g -O2  conftest.c >&5
configure:9229: $? = 0
configure:9244: gcc -shared conftest.o  -v -Wl,-soname -Wl,conftest -o conftest 2\>\&1 \| /bin/grep  -lc  \>/dev/null 2\>\&1
configure:9247: $? = 0
configure:9259: result: no
configure:9423: checking dynamic linker characteristics
configure:9866: gcc -o conftest -g -O2   -Wl,-rpath -Wl,/foo conftest.c  >&5
conftest.c:11:1: warning: "VERSION" redefined
conftest.c:8:1: warning: this is the location of the previous definition
configure:9873: $? = 0
configure:10109: result: GNU/Linux ld.so
configure:10211: checking how to hardcode library paths into programs
configure:10236: result: immediate
configure:11069: checking whether stripping libraries is possible
configure:11074: result: yes
configure:11109: checking if libtool supports shared libraries
configure:11111: result: yes
configure:11114: checking whether to build shared libraries
configure:11135: result: yes
configure:11138: checking whether to build static libraries
configure:11142: result: yes
configure:11189: checking for dirent.h that defines DIR
configure:11218: gcc -c -g -O2  conftest.c >&5
conftest.c:11:1: warning: "VERSION" redefined
conftest.c:8:1: warning: this is the location of the previous definition
configure:11225: $? = 0
configure:11242: result: yes
configure:11257: checking for library containing opendir
configure:11298: gcc -o conftest -g -O2   conftest.c  >&5
conftest.c:11:1: warning: "VERSION" redefined
conftest.c:8:1: warning: this is the location of the previous definition
configure:11305: $? = 0
configure:11336: result: none required
configure:11434: checking for ANSI C header files
configure:11602: result: yes
configure:11612: checking for sys/wait.h that is POSIX.1 compatible
configure:11648: gcc -c -g -O2  conftest.c >&5
conftest.c:11:1: warning: "VERSION" redefined
conftest.c:8:1: warning: this is the location of the previous definition
configure:11655: $? = 0
configure:11670: result: yes
configure:11682: checking for an ANSI C-conforming const
configure:11757: gcc -c -g -O2  conftest.c >&5
conftest.c:11:1: warning: "VERSION" redefined
conftest.c:8:1: warning: this is the location of the previous definition
configure:11764: $? = 0
configure:11779: result: yes
configure:11789: checking whether struct tm is in sys/time.h or time.h
configure:11819: gcc -c -g -O2  conftest.c >&5
conftest.c:11:1: warning: "VERSION" redefined
conftest.c:8:1: warning: this is the location of the previous definition
configure:11826: $? = 0
configure:11841: result: time.h
configure:11851: checking for working volatile
configure:11880: gcc -c -g -O2  conftest.c >&5
conftest.c:11:1: warning: "VERSION" redefined
conftest.c:8:1: warning: this is the location of the previous definition
configure:11887: $? = 0
configure:11902: result: yes
configure:11913: checking whether closedir returns void
configure:11947: gcc -o conftest -g -O2   conftest.c  >&5
conftest.c:11:1: warning: "VERSION" redefined
conftest.c:8:1: warning: this is the location of the previous definition
configure:11951: $? = 0
configure:11957: ./conftest
configure:11961: $? = 0
configure:11978: result: no
configure:11988: checking for error_at_line
configure:12014: gcc -o conftest -g -O2   conftest.c  >&5
conftest.c:11:1: warning: "VERSION" redefined
conftest.c:8:1: warning: this is the location of the previous definition
configure:12021: $? = 0
configure:12041: result: yes
configure:12057: checking for stdlib.h
configure:12064: result: yes
configure:12203: checking for GNU libc compatible malloc
configure:12237: gcc -o conftest -g -O2   conftest.c  >&5
conftest.c:11:1: warning: "VERSION" redefined
conftest.c:8:1: warning: this is the location of the previous definition
configure:12241: $? = 0
configure:12247: ./conftest
configure:12251: $? = 0
configure:12268: result: yes
configure:12296: checking for working memcmp
configure:12349: gcc -o conftest -g -O2   conftest.c  >&5
conftest.c:11:1: warning: "VERSION" redefined
conftest.c:8:1: warning: this is the location of the previous definition
configure:12353: $? = 0
configure:12359: ./conftest
configure:12363: $? = 0
configure:12380: result: yes
configure:12572: checking whether to compile with PAM support
configure:13048: checking whether to compile with SSL support
configure:13082: result: trying  /usr/local/ssl/include
configure:13613: checking for jade
configure:13641: result: no
configure:13653: checking for openjade
configure:13681: result: no
configure:13694: checking for jadetex
configure:13722: result: no
configure:13732: checking for pdfjadetex
configure:13760: result: no
configure:13770: checking for dvips
configure:13798: result: no
configure:13808: checking for fig2dev
configure:13836: result: no
configure:13846: checking for convert
configure:13862: found /usr/bin/convert
configure:13874: result: convert
configure:13895: checking for /usr/lib/sgml/stylesheet/dsssl/docbook/nwalsh/html/docbook.dsl
configure:13912: result: no
configure:13895: checking for /usr/lib/sgml/stylesheets/nwalsh-modular/html/docbook.dsl
configure:13912: result: no
configure:13895: checking for /usr/share/dsssl/docbook-dsssl/html/docbook.dsl
configure:13912: result: no
configure:13895: checking for /usr/share/sgml/docbook/dsssl-stylesheets-1.*/html/docbook.dsl
configure:13912: result: no
configure:13895: checking for /usr/share/sgml/docbook/dsssl-stylesheets/html/docbook.dsl
configure:13912: result: no
configure:13895: checking for /usr/share/sgml/docbook/stylesheet/dsssl/modular/html/docbook.dsl
configure:13912: result: no
configure:13895: checking for /usr/share/sgml/docbook/dsssl/modular/html/docbook.dsl
configure:13912: result: no
configure:13895: checking for /usr/local/lib/sgml/stylesheet/dsssl/docbook/nwalsh/html/docbook.dsl
configure:13912: result: no
configure:13895: checking for /usr/local/lib/sgml/stylesheets/nwalsh-modular/html/docbook.dsl
configure:13912: result: no
configure:13895: checking for /usr/local/share/dsssl/docbook-dsssl/html/docbook.dsl
configure:13912: result: no
configure:13895: checking for /usr/local/share/sgml/docbook/dsssl-stylesheets-1.*/html/docbook.dsl
configure:13912: result: no
configure:13895: checking for /usr/local/share/sgml/docbook/dsssl-stylesheets/html/docbook.dsl
configure:13912: result: no
configure:13895: checking for /usr/local/share/sgml/docbook/stylesheet/dsssl/modular/html/docbook.dsl
configure:13912: result: no
configure:13895: checking for /usr/local/share/sgml/docbook/dsssl/modular/html/docbook.dsl
configure:13912: result: no
configure:13895: checking for /opt/local/lib/sgml/stylesheet/dsssl/docbook/nwalsh/html/docbook.dsl
configure:13912: result: no
configure:13895: checking for /opt/local/lib/sgml/stylesheets/nwalsh-modular/html/docbook.dsl
configure:13912: result: no
configure:13895: checking for /opt/local/share/dsssl/docbook-dsssl/html/docbook.dsl
configure:13912: result: no
configure:13895: checking for /opt/local/share/sgml/docbook/dsssl-stylesheets-1.*/html/docbook.dsl
configure:13912: result: no
configure:13895: checking for /opt/local/share/sgml/docbook/dsssl-stylesheets/html/docbook.dsl
configure:13912: result: no
configure:13895: checking for /opt/local/share/sgml/docbook/stylesheet/dsssl/modular/html/docbook.dsl
configure:13912: result: no
configure:13895: checking for /opt/local/share/sgml/docbook/dsssl/modular/html/docbook.dsl
configure:13912: result: no
configure:13937: checking for /usr/lib/sgml/stylesheet/dsssl/docbook/nwalsh/print/docbook.dsl
configure:13954: result: no
configure:13937: checking for /usr/lib/sgml/stylesheets/nwalsh-modular/print/docbook.dsl
configure:13954: result: no
configure:13937: checking for /usr/share/dsssl/docbook-dsssl/print/docbook.dsl
configure:13954: result: no
configure:13937: checking for /usr/share/sgml/docbook/dsssl-stylesheets-1.*/print/docbook.dsl
configure:13954: result: no
configure:13937: checking for /usr/share/sgml/docbook/dsssl-stylesheets/print/docbook.dsl
configure:13954: result: no
configure:13937: checking for /usr/share/sgml/docbook/stylesheet/dsssl/modular/print/docbook.dsl
configure:13954: result: no
configure:13937: checking for /usr/share/sgml/docbook/dsssl/modular/print/docbook.dsl
configure:13954: result: no
configure:13937: checking for /usr/local/lib/sgml/stylesheet/dsssl/docbook/nwalsh/print/docbook.dsl
configure:13954: result: no
configure:13937: checking for /usr/local/lib/sgml/stylesheets/nwalsh-modular/print/docbook.dsl
configure:13954: result: no
configure:13937: checking for /usr/local/share/dsssl/docbook-dsssl/print/docbook.dsl
configure:13954: result: no
configure:13937: checking for /usr/local/share/sgml/docbook/dsssl-stylesheets-1.*/print/docbook.dsl
configure:13954: result: no
configure:13937: checking for /usr/local/share/sgml/docbook/dsssl-stylesheets/print/docbook.dsl
configure:13954: result: no
configure:13937: checking for /usr/local/share/sgml/docbook/stylesheet/dsssl/modular/print/docbook.dsl
configure:13954: result: no
configure:13937: checking for /usr/local/share/sgml/docbook/dsssl/modular/print/docbook.dsl
configure:13954: result: no
configure:13937: checking for /opt/local/lib/sgml/stylesheet/dsssl/docbook/nwalsh/print/docbook.dsl
configure:13954: result: no
configure:13937: checking for /opt/local/lib/sgml/stylesheets/nwalsh-modular/print/docbook.dsl
configure:13954: result: no
configure:13937: checking for /opt/local/share/dsssl/docbook-dsssl/print/docbook.dsl
configure:13954: result: no
configure:13937: checking for /opt/local/share/sgml/docbook/dsssl-stylesheets-1.*/print/docbook.dsl
configure:13954: result: no
configure:13937: checking for /opt/local/share/sgml/docbook/dsssl-stylesheets/print/docbook.dsl
configure:13954: result: no
configure:13937: checking for /opt/local/share/sgml/docbook/stylesheet/dsssl/modular/print/docbook.dsl
configure:13954: result: no
configure:13937: checking for /opt/local/share/sgml/docbook/dsssl/modular/print/docbook.dsl
configure:13954: result: no
configure:13980: checking for /usr/lib/sgml/stylesheet/dsssl/docbook/nwalsh/dtds/decls/xml.dcl
configure:13997: result: no
configure:13980: checking for /usr/lib/sgml/stylesheets/nwalsh-modular/dtds/decls/xml.dcl
configure:13997: result: no
configure:13980: checking for /usr/share/sgml/docbook/dsssl-stylesheets-1.*/dtds/decls/xml.dcl
configure:13997: result: no
configure:13980: checking for /usr/share/sgml/docbook/dsssl-stylesheets/dtds/decls/xml.dcl
configure:13997: result: no
configure:13980: checking for /usr/share/sgml/docbook/stylesheet/dsssl/modular/dtds/decls/xml.dcl
configure:13997: result: no
configure:13980: checking for /usr/share/sgml/docbook/dsssl/modular/dtds/decls/xml.dcl
configure:13997: result: no
configure:13980: checking for /usr/share/sgml/dsssl/docbook-dsssl-nwalsh/dtds/decls/xml.dcl
configure:13997: result: no
configure:13980: checking for /usr/share/dsssl/docbook-dsssl/dtds/decls/xml.dcl
configure:13997: result: no
configure:13980: checking for /usr/local/lib/sgml/stylesheet/dsssl/docbook/nwalsh/dtds/decls/xml.dcl
configure:13997: result: no
configure:13980: checking for /usr/local/lib/sgml/stylesheets/nwalsh-modular/dtds/decls/xml.dcl
configure:13997: result: no
configure:13980: checking for /usr/local/share/sgml/docbook/dsssl-stylesheets-1.*/dtds/decls/xml.dcl
configure:13997: result: no
configure:13980: checking for /usr/local/share/sgml/docbook/dsssl-stylesheets/dtds/decls/xml.dcl
configure:13997: result: no
configure:13980: checking for /usr/local/share/sgml/docbook/stylesheet/dsssl/modular/dtds/decls/xml.dcl
configure:13997: result: no
configure:13980: checking for /usr/local/share/sgml/docbook/dsssl/modular/dtds/decls/xml.dcl
configure:13997: result: no
configure:13980: checking for /usr/local/share/sgml/dsssl/docbook-dsssl-nwalsh/dtds/decls/xml.dcl
configure:13997: result: no
configure:13980: checking for /usr/local/share/dsssl/docbook-dsssl/dtds/decls/xml.dcl
configure:13997: result: no
configure:13980: checking for /sw/lib/sgml/stylesheet/dsssl/docbook/nwalsh/dtds/decls/xml.dcl
configure:13997: result: no
configure:13980: checking for /sw/lib/sgml/stylesheets/nwalsh-modular/dtds/decls/xml.dcl
configure:13997: result: no
configure:13980: checking for /sw/share/sgml/docbook/dsssl-stylesheets-1.*/dtds/decls/xml.dcl
configure:13997: result: no
configure:13980: checking for /sw/share/sgml/docbook/dsssl-stylesheets/dtds/decls/xml.dcl
configure:13997: result: no
configure:13980: checking for /sw/share/sgml/docbook/stylesheet/dsssl/modular/dtds/decls/xml.dcl
configure:13997: result: no
configure:13980: checking for /sw/share/sgml/docbook/dsssl/modular/dtds/decls/xml.dcl
configure:13997: result: no
configure:13980: checking for /sw/share/sgml/dsssl/docbook-dsssl-nwalsh/dtds/decls/xml.dcl
configure:13997: result: no
configure:13980: checking for /sw/share/dsssl/docbook-dsssl/dtds/decls/xml.dcl
configure:13997: result: no
configure:13980: checking for /opt/local/lib/sgml/stylesheet/dsssl/docbook/nwalsh/dtds/decls/xml.dcl
configure:13997: result: no
configure:13980: checking for /opt/local/lib/sgml/stylesheets/nwalsh-modular/dtds/decls/xml.dcl
configure:13997: result: no
configure:13980: checking for /opt/local/share/sgml/docbook/dsssl-stylesheets-1.*/dtds/decls/xml.dcl
configure:13997: result: no
configure:13980: checking for /opt/local/share/sgml/docbook/dsssl-stylesheets/dtds/decls/xml.dcl
configure:13997: result: no
configure:13980: checking for /opt/local/share/sgml/docbook/stylesheet/dsssl/modular/dtds/decls/xml.dcl
configure:13997: result: no
configure:13980: checking for /opt/local/share/sgml/docbook/dsssl/modular/dtds/decls/xml.dcl
configure:13997: result: no
configure:13980: checking for /opt/local/share/sgml/dsssl/docbook-dsssl-nwalsh/dtds/decls/xml.dcl
configure:13997: result: no
configure:13980: checking for /opt/local/share/dsssl/docbook-dsssl/dtds/decls/xml.dcl
configure:13997: result: no
configure:14041: result: Not building documentation.
configure:14072: checking for Ct-Lib support
configure:14272: result: no
configure:14280: checking for FreeTDS Ct-Lib support
configure:14480: result: no
configure:14502: checking for gw-config
configure:14521: found /usr/local/bin/gw-config
configure:14534: result: /usr/local/bin/gw-config
configure:14587: checking Kannel version
configure:14590: result: 1.4.4
configure:14592: checking Kannel libs
configure:14597: result: -L/usr/local/lib/kannel -lgw -lwap -lgwlib -lmysqlclient -lssl -lrt -lresolv -lnsl -lm  -lpthread -lxml2 -lz -lm -L/usr/lib/gcc/x86_64-redhat-linux/4.4.7/../../../../lib64 -lcrypto -lssl -L/usr/lib64/mysql -lmysqlclient -lpthread -lm -lrt -ldl 
configure:14600: checking Kannel includes
configure:14605: result: -I/usr/local/include/kannel -g -O2 -D_XOPEN_SOURCE=600 -D_BSD_SOURCE -D_LARGE_FILES= -I/usr/include/libxml2 -I/usr/local/ssl/include -I/usr/include/mysql
configure:14611: checking for cfg_create in -lgwlib
configure:14646: gcc -o conftest -g -O2 -D_XOPEN_SOURCE=600 -D_BSD_SOURCE -I/usr/local/include/kannel -g -O2 -D_XOPEN_SOURCE=600 -D_BSD_SOURCE -D_LARGE_FILES= -I/usr/include/libxml2 -I/usr/local/ssl/include -I/usr/include/mysql   -rdynamic conftest.c -lgwlib   -L/usr/local/lib/kannel -lgw -lwap -lgwlib -lmysqlclient -lssl -lrt -lresolv -lnsl -lm  -lpthread -lxml2 -lz -lm -L/usr/lib/gcc/x86_64-redhat-linux/4.4.7/../../../../lib64 -lcrypto -lssl -L/usr/lib64/mysql -lmysqlclient -lpthread -lm -lrt -ldl  >&5
conftest.c:11:1: warning: "VERSION" redefined
conftest.c:8:1: warning: this is the location of the previous definition
configure:14653: $? = 0
configure:14674: result: yes
configure:14690: checking for Kannel's DB support
configure:14722: gcc -o conftest -g -O2 -D_XOPEN_SOURCE=600 -D_BSD_SOURCE -I/usr/local/include/kannel -g -O2 -D_XOPEN_SOURCE=600 -D_BSD_SOURCE -D_LARGE_FILES= -I/usr/include/libxml2 -I/usr/local/ssl/include -I/usr/include/mysql   -rdynamic conftest.c -lgwlib  -L/usr/local/lib/kannel -lgw -lwap -lgwlib -lmysqlclient -lssl -lrt -lresolv -lnsl -lm  -lpthread -lxml2 -lz -lm -L/usr/lib/gcc/x86_64-redhat-linux/4.4.7/../../../../lib64 -lcrypto -lssl -L/usr/lib64/mysql -lmysqlclient -lpthread -lm -lrt -ldl  >&5
conftest.c:11:1: warning: "VERSION" redefined
conftest.c:8:1: warning: this is the location of the previous definition
In file included from conftest.c:31:
/usr/local/include/kannel/gw-config.h:108:1: warning: "GW_NAME" redefined
conftest.c:9:1: warning: this is the location of the previous definition
/usr/local/include/kannel/gw-config.h:111:1: warning: "GW_VERSION" redefined
conftest.c:10:1: warning: this is the location of the previous definition
conftest.c:36: error: expected ')' before '(' token
configure:14726: $? = 1
configure: program exited with status 1
configure: failed program was:
| /* confdefs.h.  */
| #define PACKAGE_NAME "opensmppbox"
| #define PACKAGE_TARNAME "opensmppbox"
| #define PACKAGE_VERSION "svn"
| #define PACKAGE_STRING "opensmppbox svn"
| #define PACKAGE_BUGREPORT "devel@kannel.org"
| #define PACKAGE ""
| #define VERSION ""
| #define GW_NAME "OpenSMPPBox"
| #define GW_VERSION "svn-r"
| #define VERSION "svn-r"
| #define STDC_HEADERS 1
| #define HAVE_SYS_TYPES_H 1
| #define HAVE_SYS_STAT_H 1
| #define HAVE_STDLIB_H 1
| #define HAVE_STRING_H 1
| #define HAVE_MEMORY_H 1
| #define HAVE_STRINGS_H 1
| #define HAVE_INTTYPES_H 1
| #define HAVE_STDINT_H 1
| #define HAVE_UNISTD_H 1
| #define HAVE_DLFCN_H 1
| #define LT_OBJDIR ".libs/"
| #define HAVE_DIRENT_H 1
| #define STDC_HEADERS 1
| #define HAVE_SYS_WAIT_H 1
| #define HAVE_STDLIB_H 1
| #define HAVE_MALLOC 1
| #define HAVE_LIBGWLIB 1
| /* end confdefs.h.  */
| #include "gw-config.h"
| int main(
| #if defined(HAVE_SQLITE3)
|   exit(0);
| #endif
|   exit(1);
| }
configure:14785: gcc -o conftest -g -O2 -D_XOPEN_SOURCE=600 -D_BSD_SOURCE -I/usr/local/include/kannel -g -O2 -D_XOPEN_SOURCE=600 -D_BSD_SOURCE -D_LARGE_FILES= -I/usr/include/libxml2 -I/usr/local/ssl/include -I/usr/include/mysql   -rdynamic conftest.c -lgwlib  -L/usr/local/lib/kannel -lgw -lwap -lgwlib -lmysqlclient -lssl -lrt -lresolv -lnsl -lm  -lpthread -lxml2 -lz -lm -L/usr/lib/gcc/x86_64-redhat-linux/4.4.7/../../../../lib64 -lcrypto -lssl -L/usr/lib64/mysql -lmysqlclient -lpthread -lm -lrt -ldl  >&5
conftest.c:11:1: warning: "VERSION" redefined
conftest.c:8:1: warning: this is the location of the previous definition
In file included from conftest.c:31:
/usr/local/include/kannel/gw-config.h:108:1: warning: "GW_NAME" redefined
conftest.c:9:1: warning: this is the location of the previous definition
/usr/local/include/kannel/gw-config.h:111:1: warning: "GW_VERSION" redefined
conftest.c:10:1: warning: this is the location of the previous definition
conftest.c: In function 'main':
conftest.c:36: warning: incompatible implicit declaration of built-in function 'exit'
configure:14789: $? = 0
configure:14795: ./conftest
configure:14799: $? = 1
configure: program exited with status 1
configure: failed program was:
| /* confdefs.h.  */
| #define PACKAGE_NAME "opensmppbox"
| #define PACKAGE_TARNAME "opensmppbox"
| #define PACKAGE_VERSION "svn"
| #define PACKAGE_STRING "opensmppbox svn"
| #define PACKAGE_BUGREPORT "devel@kannel.org"
| #define PACKAGE ""
| #define VERSION ""
| #define GW_NAME "OpenSMPPBox"
| #define GW_VERSION "svn-r"
| #define VERSION "svn-r"
| #define STDC_HEADERS 1
| #define HAVE_SYS_TYPES_H 1
| #define HAVE_SYS_STAT_H 1
| #define HAVE_STDLIB_H 1
| #define HAVE_STRING_H 1
| #define HAVE_MEMORY_H 1
| #define HAVE_STRINGS_H 1
| #define HAVE_INTTYPES_H 1
| #define HAVE_STDINT_H 1
| #define HAVE_UNISTD_H 1
| #define HAVE_DLFCN_H 1
| #define LT_OBJDIR ".libs/"
| #define HAVE_DIRENT_H 1
| #define STDC_HEADERS 1
| #define HAVE_SYS_WAIT_H 1
| #define HAVE_STDLIB_H 1
| #define HAVE_MALLOC 1
| #define HAVE_LIBGWLIB 1
| /* end confdefs.h.  */
| #include "gw-config.h"
| int main(void){
| #if defined(HAVE_SQLITE)
|   exit(0);
| #endif
|   exit(1);
| }
configure:14848: gcc -o conftest -g -O2 -D_XOPEN_SOURCE=600 -D_BSD_SOURCE -I/usr/local/include/kannel -g -O2 -D_XOPEN_SOURCE=600 -D_BSD_SOURCE -D_LARGE_FILES= -I/usr/include/libxml2 -I/usr/local/ssl/include -I/usr/include/mysql   -rdynamic conftest.c -lgwlib  -L/usr/local/lib/kannel -lgw -lwap -lgwlib -lmysqlclient -lssl -lrt -lresolv -lnsl -lm  -lpthread -lxml2 -lz -lm -L/usr/lib/gcc/x86_64-redhat-linux/4.4.7/../../../../lib64 -lcrypto -lssl -L/usr/lib64/mysql -lmysqlclient -lpthread -lm -lrt -ldl  >&5
conftest.c:11:1: warning: "VERSION" redefined
conftest.c:8:1: warning: this is the location of the previous definition
In file included from conftest.c:31:
/usr/local/include/kannel/gw-config.h:108:1: warning: "GW_NAME" redefined
conftest.c:9:1: warning: this is the location of the previous definition
/usr/local/include/kannel/gw-config.h:111:1: warning: "GW_VERSION" redefined
conftest.c:10:1: warning: this is the location of the previous definition
conftest.c: In function 'main':
conftest.c:36: warning: incompatible implicit declaration of built-in function 'exit'
configure:14852: $? = 0
configure:14858: ./conftest
configure:14862: $? = 1
configure: program exited with status 1
configure: failed program was:
| /* confdefs.h.  */
| #define PACKAGE_NAME "opensmppbox"
| #define PACKAGE_TARNAME "opensmppbox"
| #define PACKAGE_VERSION "svn"
| #define PACKAGE_STRING "opensmppbox svn"
| #define PACKAGE_BUGREPORT "devel@kannel.org"
| #define PACKAGE ""
| #define VERSION ""
| #define GW_NAME "OpenSMPPBox"
| #define GW_VERSION "svn-r"
| #define VERSION "svn-r"
| #define STDC_HEADERS 1
| #define HAVE_SYS_TYPES_H 1
| #define HAVE_SYS_STAT_H 1
| #define HAVE_STDLIB_H 1
| #define HAVE_STRING_H 1
| #define HAVE_MEMORY_H 1
| #define HAVE_STRINGS_H 1
| #define HAVE_INTTYPES_H 1
| #define HAVE_STDINT_H 1
| #define HAVE_UNISTD_H 1
| #define HAVE_DLFCN_H 1
| #define LT_OBJDIR ".libs/"
| #define HAVE_DIRENT_H 1
| #define STDC_HEADERS 1
| #define HAVE_SYS_WAIT_H 1
| #define HAVE_STDLIB_H 1
| #define HAVE_MALLOC 1
| #define HAVE_LIBGWLIB 1
| /* end confdefs.h.  */
| #include "gw-config.h"
| int main(void){
| #if defined(HAVE_PGSQL)
|   exit(0);
| #endif
|   exit(1);
| }
configure:14911: gcc -o conftest -g -O2 -D_XOPEN_SOURCE=600 -D_BSD_SOURCE -I/usr/local/include/kannel -g -O2 -D_XOPEN_SOURCE=600 -D_BSD_SOURCE -D_LARGE_FILES= -I/usr/include/libxml2 -I/usr/local/ssl/include -I/usr/include/mysql   -rdynamic conftest.c -lgwlib  -L/usr/local/lib/kannel -lgw -lwap -lgwlib -lmysqlclient -lssl -lrt -lresolv -lnsl -lm  -lpthread -lxml2 -lz -lm -L/usr/lib/gcc/x86_64-redhat-linux/4.4.7/../../../../lib64 -lcrypto -lssl -L/usr/lib64/mysql -lmysqlclient -lpthread -lm -lrt -ldl  >&5
conftest.c:11:1: warning: "VERSION" redefined
conftest.c:8:1: warning: this is the location of the previous definition
In file included from conftest.c:31:
/usr/local/include/kannel/gw-config.h:108:1: warning: "GW_NAME" redefined
conftest.c:9:1: warning: this is the location of the previous definition
/usr/local/include/kannel/gw-config.h:111:1: warning: "GW_VERSION" redefined
conftest.c:10:1: warning: this is the location of the previous definition
conftest.c: In function 'main':
conftest.c:36: warning: incompatible implicit declaration of built-in function 'exit'
configure:14915: $? = 0
configure:14921: ./conftest
configure:14925: $? = 1
configure: program exited with status 1
configure: failed program was:
| /* confdefs.h.  */
| #define PACKAGE_NAME "opensmppbox"
| #define PACKAGE_TARNAME "opensmppbox"
| #define PACKAGE_VERSION "svn"
| #define PACKAGE_STRING "opensmppbox svn"
| #define PACKAGE_BUGREPORT "devel@kannel.org"
| #define PACKAGE ""
| #define VERSION ""
| #define GW_NAME "OpenSMPPBox"
| #define GW_VERSION "svn-r"
| #define VERSION "svn-r"
| #define STDC_HEADERS 1
| #define HAVE_SYS_TYPES_H 1
| #define HAVE_SYS_STAT_H 1
| #define HAVE_STDLIB_H 1
| #define HAVE_STRING_H 1
| #define HAVE_MEMORY_H 1
| #define HAVE_STRINGS_H 1
| #define HAVE_INTTYPES_H 1
| #define HAVE_STDINT_H 1
| #define HAVE_UNISTD_H 1
| #define HAVE_DLFCN_H 1
| #define LT_OBJDIR ".libs/"
| #define HAVE_DIRENT_H 1
| #define STDC_HEADERS 1
| #define HAVE_SYS_WAIT_H 1
| #define HAVE_STDLIB_H 1
| #define HAVE_MALLOC 1
| #define HAVE_LIBGWLIB 1
| /* end confdefs.h.  */
| #include "gw-config.h"
| int main(void){
| #if defined(HAVE_ORACLE)
|   exit(0);
| #endif
|   exit(1);
| }
configure:14974: gcc -o conftest -g -O2 -D_XOPEN_SOURCE=600 -D_BSD_SOURCE -I/usr/local/include/kannel -g -O2 -D_XOPEN_SOURCE=600 -D_BSD_SOURCE -D_LARGE_FILES= -I/usr/include/libxml2 -I/usr/local/ssl/include -I/usr/include/mysql   -rdynamic conftest.c -lgwlib  -L/usr/local/lib/kannel -lgw -lwap -lgwlib -lmysqlclient -lssl -lrt -lresolv -lnsl -lm  -lpthread -lxml2 -lz -lm -L/usr/lib/gcc/x86_64-redhat-linux/4.4.7/../../../../lib64 -lcrypto -lssl -L/usr/lib64/mysql -lmysqlclient -lpthread -lm -lrt -ldl  >&5
conftest.c:11:1: warning: "VERSION" redefined
conftest.c:8:1: warning: this is the location of the previous definition
In file included from conftest.c:31:
/usr/local/include/kannel/gw-config.h:108:1: warning: "GW_NAME" redefined
conftest.c:9:1: warning: this is the location of the previous definition
/usr/local/include/kannel/gw-config.h:111:1: warning: "GW_VERSION" redefined
conftest.c:10:1: warning: this is the location of the previous definition
conftest.c: In function 'main':
conftest.c:34: warning: incompatible implicit declaration of built-in function 'exit'
configure:14978: $? = 0
configure:14984: ./conftest
configure:14988: $? = 0
configure:15037: gcc -o conftest -g -O2 -D_XOPEN_SOURCE=600 -D_BSD_SOURCE -I/usr/local/include/kannel -g -O2 -D_XOPEN_SOURCE=600 -D_BSD_SOURCE -D_LARGE_FILES= -I/usr/include/libxml2 -I/usr/local/ssl/include -I/usr/include/mysql   -rdynamic conftest.c -lgwlib  -L/usr/local/lib/kannel -lgw -lwap -lgwlib -lmysqlclient -lssl -lrt -lresolv -lnsl -lm  -lpthread -lxml2 -lz -lm -L/usr/lib/gcc/x86_64-redhat-linux/4.4.7/../../../../lib64 -lcrypto -lssl -L/usr/lib64/mysql -lmysqlclient -lpthread -lm -lrt -ldl  >&5
conftest.c:11:1: warning: "VERSION" redefined
conftest.c:8:1: warning: this is the location of the previous definition
In file included from conftest.c:31:
/usr/local/include/kannel/gw-config.h:108:1: warning: "GW_NAME" redefined
conftest.c:9:1: warning: this is the location of the previous definition
/usr/local/include/kannel/gw-config.h:111:1: warning: "GW_VERSION" redefined
conftest.c:10:1: warning: this is the location of the previous definition
conftest.c: In function 'main':
conftest.c:36: warning: incompatible implicit declaration of built-in function 'exit'
configure:15041: $? = 0
configure:15047: ./conftest
configure:15051: $? = 1
configure: program exited with status 1
configure: failed program was:
| /* confdefs.h.  */
| #define PACKAGE_NAME "opensmppbox"
| #define PACKAGE_TARNAME "opensmppbox"
| #define PACKAGE_VERSION "svn"
| #define PACKAGE_STRING "opensmppbox svn"
| #define PACKAGE_BUGREPORT "devel@kannel.org"
| #define PACKAGE ""
| #define VERSION ""
| #define GW_NAME "OpenSMPPBox"
| #define GW_VERSION "svn-r"
| #define VERSION "svn-r"
| #define STDC_HEADERS 1
| #define HAVE_SYS_TYPES_H 1
| #define HAVE_SYS_STAT_H 1
| #define HAVE_STDLIB_H 1
| #define HAVE_STRING_H 1
| #define HAVE_MEMORY_H 1
| #define HAVE_STRINGS_H 1
| #define HAVE_INTTYPES_H 1
| #define HAVE_STDINT_H 1
| #define HAVE_UNISTD_H 1
| #define HAVE_DLFCN_H 1
| #define LT_OBJDIR ".libs/"
| #define HAVE_DIRENT_H 1
| #define STDC_HEADERS 1
| #define HAVE_SYS_WAIT_H 1
| #define HAVE_STDLIB_H 1
| #define HAVE_MALLOC 1
| #define HAVE_LIBGWLIB 1
| /* end confdefs.h.  */
| #include "gw-config.h"
| int main(void){
| #if defined(HAVE_SDB)
|   exit(0);
| #endif
|   exit(1);
| }
configure:15205: creating ./config.status

## ---------------------- ##
## Running config.status. ##
## ---------------------- ##

This file was extended by opensmppbox config.status svn, which was
generated by GNU Autoconf 2.63.  Invocation command line was

  CONFIG_FILES    = 
  CONFIG_HEADERS  = 
  CONFIG_LINKS    = 
  CONFIG_COMMANDS = 
  $ ./config.status 

on ip-166-62-16-78.ip.secureserver.net

config.status:1019: creating Makefile
config.status:1019: creating gw/Makefile
config.status:1019: creating rpm/opensmppbox.spec
config.status:1019: creating sb-config.h
config.status:1293: executing depfiles commands
config.status:1293: executing libtool commands

## ---------------- ##
## Cache variables. ##
## ---------------- ##

ac_cv_build=x86_64-unknown-linux-gnu
ac_cv_c_compiler_gnu=yes
ac_cv_c_const=yes
ac_cv_c_volatile=yes
ac_cv_env_CC_set=
ac_cv_env_CC_value=
ac_cv_env_CFLAGS_set=
ac_cv_env_CFLAGS_value=
ac_cv_env_CPPFLAGS_set=
ac_cv_env_CPPFLAGS_value=
ac_cv_env_CPP_set=
ac_cv_env_CPP_value=
ac_cv_env_LDFLAGS_set=
ac_cv_env_LDFLAGS_value=
ac_cv_env_LIBS_set=
ac_cv_env_LIBS_value=
ac_cv_env_build_alias_set=
ac_cv_env_build_alias_value=
ac_cv_env_host_alias_set=
ac_cv_env_host_alias_value=
ac_cv_env_target_alias_set=
ac_cv_env_target_alias_value=
ac_cv_file__opt_local_lib_sgml_stylesheet_dsssl_docbook_nwalsh_dtds_decls_xml_dcl=no
ac_cv_file__opt_local_lib_sgml_stylesheet_dsssl_docbook_nwalsh_html_docbook_dsl=no
ac_cv_file__opt_local_lib_sgml_stylesheet_dsssl_docbook_nwalsh_print_docbook_dsl=no
ac_cv_file__opt_local_lib_sgml_stylesheets_nwalsh_modular_dtds_decls_xml_dcl=no
ac_cv_file__opt_local_lib_sgml_stylesheets_nwalsh_modular_html_docbook_dsl=no
ac_cv_file__opt_local_lib_sgml_stylesheets_nwalsh_modular_print_docbook_dsl=no
ac_cv_file__opt_local_share_dsssl_docbook_dsssl_dtds_decls_xml_dcl=no
ac_cv_file__opt_local_share_dsssl_docbook_dsssl_html_docbook_dsl=no
ac_cv_file__opt_local_share_dsssl_docbook_dsssl_print_docbook_dsl=no
ac_cv_file__opt_local_share_sgml_docbook_dsssl_modular_dtds_decls_xml_dcl=no
ac_cv_file__opt_local_share_sgml_docbook_dsssl_modular_html_docbook_dsl=no
ac_cv_file__opt_local_share_sgml_docbook_dsssl_modular_print_docbook_dsl=no
ac_cv_file__opt_local_share_sgml_docbook_dsssl_stylesheets_1_p_dtds_decls_xml_dcl=no
ac_cv_file__opt_local_share_sgml_docbook_dsssl_stylesheets_1_p_html_docbook_dsl=no
ac_cv_file__opt_local_share_sgml_docbook_dsssl_stylesheets_1_p_print_docbook_dsl=no
ac_cv_file__opt_local_share_sgml_docbook_dsssl_stylesheets_dtds_decls_xml_dcl=no
ac_cv_file__opt_local_share_sgml_docbook_dsssl_stylesheets_html_docbook_dsl=no
ac_cv_file__opt_local_share_sgml_docbook_dsssl_stylesheets_print_docbook_dsl=no
ac_cv_file__opt_local_share_sgml_docbook_stylesheet_dsssl_modular_dtds_decls_xml_dcl=no
ac_cv_file__opt_local_share_sgml_docbook_stylesheet_dsssl_modular_html_docbook_dsl=no
ac_cv_file__opt_local_share_sgml_docbook_stylesheet_dsssl_modular_print_docbook_dsl=no
ac_cv_file__opt_local_share_sgml_dsssl_docbook_dsssl_nwalsh_dtds_decls_xml_dcl=no
ac_cv_file__sw_lib_sgml_stylesheet_dsssl_docbook_nwalsh_dtds_decls_xml_dcl=no
ac_cv_file__sw_lib_sgml_stylesheets_nwalsh_modular_dtds_decls_xml_dcl=no
ac_cv_file__sw_share_dsssl_docbook_dsssl_dtds_decls_xml_dcl=no
ac_cv_file__sw_share_sgml_docbook_dsssl_modular_dtds_decls_xml_dcl=no
ac_cv_file__sw_share_sgml_docbook_dsssl_stylesheets_1_p_dtds_decls_xml_dcl=no
ac_cv_file__sw_share_sgml_docbook_dsssl_stylesheets_dtds_decls_xml_dcl=no
ac_cv_file__sw_share_sgml_docbook_stylesheet_dsssl_modular_dtds_decls_xml_dcl=no
ac_cv_file__sw_share_sgml_dsssl_docbook_dsssl_nwalsh_dtds_decls_xml_dcl=no
ac_cv_file__usr_lib_sgml_stylesheet_dsssl_docbook_nwalsh_dtds_decls_xml_dcl=no
ac_cv_file__usr_lib_sgml_stylesheet_dsssl_docbook_nwalsh_html_docbook_dsl=no
ac_cv_file__usr_lib_sgml_stylesheet_dsssl_docbook_nwalsh_print_docbook_dsl=no
ac_cv_file__usr_lib_sgml_stylesheets_nwalsh_modular_dtds_decls_xml_dcl=no
ac_cv_file__usr_lib_sgml_stylesheets_nwalsh_modular_html_docbook_dsl=no
ac_cv_file__usr_lib_sgml_stylesheets_nwalsh_modular_print_docbook_dsl=no
ac_cv_file__usr_local_lib_sgml_stylesheet_dsssl_docbook_nwalsh_dtds_decls_xml_dcl=no
ac_cv_file__usr_local_lib_sgml_stylesheet_dsssl_docbook_nwalsh_html_docbook_dsl=no
ac_cv_file__usr_local_lib_sgml_stylesheet_dsssl_docbook_nwalsh_print_docbook_dsl=no
ac_cv_file__usr_local_lib_sgml_stylesheets_nwalsh_modular_dtds_decls_xml_dcl=no
ac_cv_file__usr_local_lib_sgml_stylesheets_nwalsh_modular_html_docbook_dsl=no
ac_cv_file__usr_local_lib_sgml_stylesheets_nwalsh_modular_print_docbook_dsl=no
ac_cv_file__usr_local_share_dsssl_docbook_dsssl_dtds_decls_xml_dcl=no
ac_cv_file__usr_local_share_dsssl_docbook_dsssl_html_docbook_dsl=no
ac_cv_file__usr_local_share_dsssl_docbook_dsssl_print_docbook_dsl=no
ac_cv_file__usr_local_share_sgml_docbook_dsssl_modular_dtds_decls_xml_dcl=no
ac_cv_file__usr_local_share_sgml_docbook_dsssl_modular_html_docbook_dsl=no
ac_cv_file__usr_local_share_sgml_docbook_dsssl_modular_print_docbook_dsl=no
ac_cv_file__usr_local_share_sgml_docbook_dsssl_stylesheets_1_p_dtds_decls_xml_dcl=no
ac_cv_file__usr_local_share_sgml_docbook_dsssl_stylesheets_1_p_html_docbook_dsl=no
ac_cv_file__usr_local_share_sgml_docbook_dsssl_stylesheets_1_p_print_docbook_dsl=no
ac_cv_file__usr_local_share_sgml_docbook_dsssl_stylesheets_dtds_decls_xml_dcl=no
ac_cv_file__usr_local_share_sgml_docbook_dsssl_stylesheets_html_docbook_dsl=no
ac_cv_file__usr_local_share_sgml_docbook_dsssl_stylesheets_print_docbook_dsl=no
ac_cv_file__usr_local_share_sgml_docbook_stylesheet_dsssl_modular_dtds_decls_xml_dcl=no
ac_cv_file__usr_local_share_sgml_docbook_stylesheet_dsssl_modular_html_docbook_dsl=no
ac_cv_file__usr_local_share_sgml_docbook_stylesheet_dsssl_modular_print_docbook_dsl=no
ac_cv_file__usr_local_share_sgml_dsssl_docbook_dsssl_nwalsh_dtds_decls_xml_dcl=no
ac_cv_file__usr_share_dsssl_docbook_dsssl_dtds_decls_xml_dcl=no
ac_cv_file__usr_share_dsssl_docbook_dsssl_html_docbook_dsl=no
ac_cv_file__usr_share_dsssl_docbook_dsssl_print_docbook_dsl=no
ac_cv_file__usr_share_sgml_docbook_dsssl_modular_dtds_decls_xml_dcl=no
ac_cv_file__usr_share_sgml_docbook_dsssl_modular_html_docbook_dsl=no
ac_cv_file__usr_share_sgml_docbook_dsssl_modular_print_docbook_dsl=no
ac_cv_file__usr_share_sgml_docbook_dsssl_stylesheets_1_p_dtds_decls_xml_dcl=no
ac_cv_file__usr_share_sgml_docbook_dsssl_stylesheets_1_p_html_docbook_dsl=no
ac_cv_file__usr_share_sgml_docbook_dsssl_stylesheets_1_p_print_docbook_dsl=no
ac_cv_file__usr_share_sgml_docbook_dsssl_stylesheets_dtds_decls_xml_dcl=no
ac_cv_file__usr_share_sgml_docbook_dsssl_stylesheets_html_docbook_dsl=no
ac_cv_file__usr_share_sgml_docbook_dsssl_stylesheets_print_docbook_dsl=no
ac_cv_file__usr_share_sgml_docbook_stylesheet_dsssl_modular_dtds_decls_xml_dcl=no
ac_cv_file__usr_share_sgml_docbook_stylesheet_dsssl_modular_html_docbook_dsl=no
ac_cv_file__usr_share_sgml_docbook_stylesheet_dsssl_modular_print_docbook_dsl=no
ac_cv_file__usr_share_sgml_dsssl_docbook_dsssl_nwalsh_dtds_decls_xml_dcl=no
ac_cv_func_closedir_void=no
ac_cv_func_malloc_0_nonnull=yes
ac_cv_func_memcmp_working=yes
ac_cv_header_dirent_dirent_h=yes
ac_cv_header_dlfcn_h=yes
ac_cv_header_inttypes_h=yes
ac_cv_header_memory_h=yes
ac_cv_header_stdc=yes
ac_cv_header_stdint_h=yes
ac_cv_header_stdlib_h=yes
ac_cv_header_string_h=yes
ac_cv_header_strings_h=yes
ac_cv_header_sys_stat_h=yes
ac_cv_header_sys_types_h=yes
ac_cv_header_sys_wait_h=yes
ac_cv_header_unistd_h=yes
ac_cv_host=x86_64-unknown-linux-gnu
ac_cv_lib_error_at_line=yes
ac_cv_lib_gwlib_cfg_create=yes
ac_cv_objext=o
ac_cv_path_EGREP='/bin/grep -E'
ac_cv_path_FGREP='/bin/grep -F'
ac_cv_path_GREP=/bin/grep
ac_cv_path_GW_CONFIG=/usr/local/bin/gw-config
ac_cv_path_SED=/bin/sed
ac_cv_path_install='/usr/bin/install -c'
ac_cv_path_mkdir=/bin/mkdir
ac_cv_prog_AWK=gawk
ac_cv_prog_CONVERT=convert
ac_cv_prog_CPP='gcc -E'
ac_cv_prog_DVIPS=no
ac_cv_prog_FIG2DEV=no
ac_cv_prog_JADE=no
ac_cv_prog_JADETEX=no
ac_cv_prog_OLDJADE=no
ac_cv_prog_PDFJADETEX=no
ac_cv_prog_ac_ct_AR=ar
ac_cv_prog_ac_ct_CC=gcc
ac_cv_prog_ac_ct_OBJDUMP=objdump
ac_cv_prog_ac_ct_RANLIB=ranlib
ac_cv_prog_ac_ct_STRIP=strip
ac_cv_prog_cc_c89=
ac_cv_prog_cc_g=yes
ac_cv_prog_make_make_set=yes
ac_cv_search_opendir='none required'
ac_cv_struct_tm=time.h
am_cv_CC_dependencies_compiler_type=gcc3
lt_cv_deplibs_check_method=pass_all
lt_cv_file_magic_cmd='$MAGIC_CMD'
lt_cv_file_magic_test_file=
lt_cv_ld_reload_flag=-r
lt_cv_nm_interface='BSD nm'
lt_cv_objdir=.libs
lt_cv_path_LD=/usr/bin/ld
lt_cv_path_NM='/usr/bin/nm -B'
lt_cv_prog_compiler_c_o=yes
lt_cv_prog_compiler_pic_works=yes
lt_cv_prog_compiler_rtti_exceptions=no
lt_cv_prog_compiler_static_works=yes
lt_cv_prog_gnu_ld=yes
lt_cv_sys_global_symbol_pipe='sed -n -e '\''s/^.*[	 ]\([ABCDGIRSTW][ABCDGIRSTW]*\)[	 ][	 ]*\([_A-Za-z][_A-Za-z0-9]*\)$/\1 \2 \2/p'\'''
lt_cv_sys_global_symbol_to_c_name_address='sed -n -e '\''s/^: \([^ ]*\) $/  {\"\1\", (void *) 0},/p'\'' -e '\''s/^[ABCDGIRSTW]* \([^ ]*\) \([^ ]*\)$/  {"\2", (void *) \&\2},/p'\'''
lt_cv_sys_global_symbol_to_c_name_address_lib_prefix='sed -n -e '\''s/^: \([^ ]*\) $/  {\"\1\", (void *) 0},/p'\'' -e '\''s/^[ABCDGIRSTW]* \([^ ]*\) \(lib[^ ]*\)$/  {"\2", (void *) \&\2},/p'\'' -e '\''s/^[ABCDGIRSTW]* \([^ ]*\) \([^ ]*\)$/  {"lib\2", (void *) \&\2},/p'\'''
lt_cv_sys_global_symbol_to_cdecl='sed -n -e '\''s/^T .* \(.*\)$/extern int \1();/p'\'' -e '\''s/^[ABCDGIRSTW]* .* \(.*\)$/extern char \1;/p'\'''
lt_cv_sys_max_cmd_len=1966080

## ----------------- ##
## Output variables. ##
## ----------------- ##

ACLOCAL='${SHELL} /home/mayank4t/public_html/kannel/opensmppbox/autotools/missing --run aclocal-1.11'
AMDEPBACKSLASH='\'
AMDEP_FALSE='#'
AMDEP_TRUE=''
AMTAR='${SHELL} /home/mayank4t/public_html/kannel/opensmppbox/autotools/missing --run tar'
AR='ar'
AUTOCONF='${SHELL} /home/mayank4t/public_html/kannel/opensmppbox/autotools/missing --run autoconf'
AUTOHEADER='${SHELL} /home/mayank4t/public_html/kannel/opensmppbox/autotools/missing --run autoheader'
AUTOMAKE='${SHELL} /home/mayank4t/public_html/kannel/opensmppbox/autotools/missing --run automake-1.11'
AWK='gawk'
CC='gcc'
CCDEPMODE='depmode=gcc3'
CFLAGS='-g -O2 -D_XOPEN_SOURCE=600 -D_BSD_SOURCE -I/usr/local/include/kannel -g -O2 -D_XOPEN_SOURCE=600 -D_BSD_SOURCE -D_LARGE_FILES= -I/usr/include/libxml2 -I/usr/local/ssl/include -I/usr/include/mysql'
CONVERT='convert'
CPP='gcc -E'
CPPFLAGS=''
CTLIB_INCLUDE=''
CTLIB_LFLAGS=''
CYGPATH_W='echo'
DEFS='-DHAVE_CONFIG_H'
DEPDIR='.deps'
DOCDRAFTS='IGNORE'
DOCSTARGET='no-docs'
DSYMUTIL=''
DUMPBIN=''
DVIPS='no'
ECHO_C=''
ECHO_N='-n'
ECHO_T=''
EGREP='/bin/grep -E'
EXEEXT=''
FGREP='/bin/grep -F'
FIG2DEV='no'
GREP='/bin/grep'
GW_CONFIG='/usr/local/bin/gw-config'
GW_VERSION=''
HTML_DSL=''
INCLUDES='-I$(top_srcdir)/gw -I$(top_builddir)/gw'
INSTALL_DATA='${INSTALL} -m 644'
INSTALL_PROGRAM='${INSTALL}'
INSTALL_SCRIPT='${INSTALL}'
INSTALL_STRIP_PROGRAM='$(install_sh) -c -s'
JADE='no'
JADETEX='no'
LD='/usr/bin/ld -m elf_x86_64'
LDFLAGS=' -rdynamic'
LIBOBJS=''
LIBS='-lgwlib  -L/usr/local/lib/kannel -lgw -lwap -lgwlib -lmysqlclient -lssl -lrt -lresolv -lnsl -lm  -lpthread -lxml2 -lz -lm -L/usr/lib/gcc/x86_64-redhat-linux/4.4.7/../../../../lib64 -lcrypto -lssl -L/usr/lib64/mysql -lmysqlclient -lpthread -lm -lrt -ldl '
LIBTOOL='$(SHELL) $(top_builddir)/libtool'
LIPO=''
LN_S='ln -s'
LTLIBOBJS=''
MAINT='#'
MAINTAINER_MODE_FALSE=''
MAINTAINER_MODE_TRUE='#'
MAKEINFO='${SHELL} /home/mayank4t/public_html/kannel/opensmppbox/autotools/missing --run makeinfo'
MKDIR_P='/bin/mkdir -p'
NM='/usr/bin/nm -B'
NMEDIT=''
OBJDUMP='objdump'
OBJEXT='o'
OLDJADE='no'
OPENSSL=''
OTOOL64=''
OTOOL=''
PACKAGE=''
PACKAGE_BUGREPORT='devel@kannel.org'
PACKAGE_NAME='opensmppbox'
PACKAGE_STRING='opensmppbox svn'
PACKAGE_TARNAME='opensmppbox'
PACKAGE_VERSION='svn'
PATH_SEPARATOR=':'
PDFJADETEX='no'
RANLIB='ranlib'
SED='/bin/sed'
SET_MAKE=''
SHELL='/bin/sh'
STRIP='strip'
TEX_DSL=''
VERSION='svn-r'
XML_DCL=''
ac_ct_CC='gcc'
ac_ct_DUMPBIN=''
am__EXEEXT_FALSE=''
am__EXEEXT_TRUE='#'
am__fastdepCC_FALSE='#'
am__fastdepCC_TRUE=''
am__include='include'
am__isrc=''
am__leading_dot='.'
am__quote=''
am__tar='${AMTAR} chof - "$$tardir"'
am__untar='${AMTAR} xf -'
bindir='${exec_prefix}/bin'
build='x86_64-unknown-linux-gnu'
build_alias=''
build_cpu='x86_64'
build_os='linux-gnu'
build_vendor='unknown'
datadir='${datarootdir}'
datarootdir='${prefix}/share'
docdir='${datarootdir}/doc/${PACKAGE_TARNAME}'
dvidir='${docdir}'
exec_prefix='${prefix}'
host='x86_64-unknown-linux-gnu'
host_alias=''
host_cpu='x86_64'
host_os='linux-gnu'
host_vendor='unknown'
htmldir='${docdir}'
includedir='${prefix}/include'
infodir='${datarootdir}/info'
install_sh='${SHELL} /home/mayank4t/public_html/kannel/opensmppbox/autotools/install-sh'
libdir='${exec_prefix}/lib'
libexecdir='${exec_prefix}/libexec'
localedir='${datarootdir}/locale'
localstatedir='${prefix}/var'
lt_ECHO='echo'
mandir='${datarootdir}/man'
mkdir_p='/bin/mkdir -p'
oldincludedir='/usr/include'
pdfdir='${docdir}'
prefix='/usr/local'
program_transform_name='s,x,x,'
psdir='${docdir}'
rpm_requires='mysql-devel >= 3.23'
rpm_suffix='mysql'
sbindir='${exec_prefix}/sbin'
sharedstatedir='${prefix}/com'
sysconfdir='${prefix}/etc'
target_alias=''

## ----------- ##
## confdefs.h. ##
## ----------- ##

#define PACKAGE_NAME "opensmppbox"
#define PACKAGE_TARNAME "opensmppbox"
#define PACKAGE_VERSION "svn"
#define PACKAGE_STRING "opensmppbox svn"
#define PACKAGE_BUGREPORT "devel@kannel.org"
#define PACKAGE ""
#define VERSION ""
#define GW_NAME "OpenSMPPBox"
#define GW_VERSION "svn-r"
#define VERSION "svn-r"
#define STDC_HEADERS 1
#define HAVE_SYS_TYPES_H 1
#define HAVE_SYS_STAT_H 1
#define HAVE_STDLIB_H 1
#define HAVE_STRING_H 1
#define HAVE_MEMORY_H 1
#define HAVE_STRINGS_H 1
#define HAVE_INTTYPES_H 1
#define HAVE_STDINT_H 1
#define HAVE_UNISTD_H 1
#define HAVE_DLFCN_H 1
#define LT_OBJDIR ".libs/"
#define HAVE_DIRENT_H 1
#define STDC_HEADERS 1
#define HAVE_SYS_WAIT_H 1
#define HAVE_STDLIB_H 1
#define HAVE_MALLOC 1
#define HAVE_LIBGWLIB 1

configure: exit 0
