This file contains any messages produced by compilers while
running configure, to aid debugging if configure makes a mistake.

It was created by sqlbox configure cvs, which was
generated by GNU Autoconf 2.63.  Invocation command line was

  $ ./configure 

## --------- ##
## Platform. ##
## --------- ##

hostname = ip-166-62-16-78.ip.secureserver.net
uname -m = x86_64
uname -r = 2.6.32-042stab133.2
uname -s = Linux
uname -v = #1 SMP Mon Aug 27 21:07:08 MSK 2018

/usr/bin/uname -p = unknown
/bin/uname -X     = unknown

/bin/arch              = x86_64
/usr/bin/arch -k       = unknown
/usr/convex/getsysinfo = unknown
/usr/bin/hostinfo      = unknown
/bin/machine           = unknown
/usr/bin/oslevel       = unknown
/bin/universe          = unknown

PATH: /usr/local/cpanel/3rdparty/lib/path-bin
PATH: /usr/local/jdk/bin
PATH: /usr/local/cpanel/3rdparty/lib/path-bin
PATH: /usr/local/cpanel/3rdparty/lib/path-bin
PATH: /usr/local/jdk/bin
PATH: /usr/kerberos/sbin
PATH: /usr/kerberos/bin
PATH: /usr/local/sbin
PATH: /usr/local/bin
PATH: /sbin
PATH: /bin
PATH: /usr/sbin
PATH: /usr/bin
PATH: /usr/X11R6/bin
PATH: /usr/local/bin
PATH: /usr/X11R6/bin
PATH: /root/bin
PATH: /opt/bin
PATH: /opt/cpanel/composer/bin
PATH: /usr/local/bin
PATH: /usr/X11R6/bin
PATH: /root/bin


## ----------- ##
## Core tests. ##
## ----------- ##

configure:2143: checking svn checkout revision
configure:2153: result: 
configure:2185: checking for a BSD-compatible install
configure:2253: result: /usr/bin/install -c
configure:2264: checking whether build environment is sane
configure:2324: result: yes
configure:2465: checking for a thread-safe mkdir -p
configure:2504: result: /bin/mkdir -p
configure:2517: checking for gawk
configure:2533: found /bin/gawk
configure:2544: result: gawk
configure:2555: checking whether make sets $(MAKE)
configure:2577: result: yes
configure:2662: checking whether to enable maintainer-specific portions of Makefiles
configure:2671: result: no
configure:2690: checking build system type
configure:2708: result: x86_64-unknown-linux-gnu
configure:2730: checking host system type
configure:2745: result: x86_64-unknown-linux-gnu
configure:2805: checking for style of include used by make
configure:2833: result: GNU
configure:2903: checking for gcc
configure:2919: found /usr/bin/gcc
configure:2930: result: gcc
configure:3162: checking for C compiler version
configure:3170: gcc --version >&5
gcc (GCC) 4.4.7 20120313 (Red Hat 4.4.7-11)
Copyright (C) 2010 Free Software Foundation, Inc.
This is free software; see the source for copying conditions.  There is NO
warranty; not even for MERCHANTABILITY or FITNESS FOR A PARTICULAR PURPOSE.

configure:3174: $? = 0
configure:3181: gcc -v >&5
Using built-in specs.
Target: x86_64-redhat-linux
Configured with: ../configure --prefix=/usr --mandir=/usr/share/man --infodir=/usr/share/info --with-bugurl=http://bugzilla.redhat.com/bugzilla --enable-bootstrap --enable-shared --enable-threads=posix --enable-checking=release --with-system-zlib --enable-__cxa_atexit --disable-libunwind-exceptions --enable-gnu-unique-object --enable-languages=c,c++,objc,obj-c++,java,fortran,ada --enable-java-awt=gtk --disable-dssi --with-java-home=/usr/lib/jvm/java-1.5.0-gcj-1.5.0.0/jre --enable-libgcj-multifile --enable-java-maintainer-mode --with-ecj-jar=/usr/share/java/eclipse-ecj.jar --disable-libjava-multilib --with-ppl --with-cloog --with-tune=generic --with-arch_32=i686 --build=x86_64-redhat-linux
Thread model: posix
gcc version 4.4.7 20120313 (Red Hat 4.4.7-11) (GCC) 
configure:3185: $? = 0
configure:3192: gcc -V >&5
gcc: '-V' option must have argument
configure:3196: $? = 1
configure:3219: checking for C compiler default output file name
configure:3241: gcc    conftest.c  >&5
configure:3245: $? = 0
configure:3283: result: a.out
configure:3302: checking whether the C compiler works
configure:3312: ./a.out
configure:3316: $? = 0
configure:3335: result: yes
configure:3342: checking whether we are cross compiling
configure:3344: result: no
configure:3347: checking for suffix of executables
configure:3354: gcc -o conftest    conftest.c  >&5
configure:3358: $? = 0
configure:3384: result: 
configure:3390: checking for suffix of object files
configure:3416: gcc -c   conftest.c >&5
configure:3420: $? = 0
configure:3445: result: o
configure:3449: checking whether we are using the GNU C compiler
configure:3478: gcc -c   conftest.c >&5
configure:3485: $? = 0
configure:3502: result: yes
configure:3511: checking whether gcc accepts -g
configure:3541: gcc -c -g  conftest.c >&5
configure:3548: $? = 0
configure:3649: result: yes
configure:3666: checking for gcc option to accept ISO C89
configure:3740: gcc  -c -g -O2  conftest.c >&5
configure:3747: $? = 0
configure:3770: result: none needed
configure:3790: checking dependency style of gcc
configure:3900: result: gcc3
configure:3915: checking for a sed that does not truncate output
configure:3981: result: /bin/sed
configure:3999: checking for grep that handles long lines and -e
configure:4059: result: /bin/grep
configure:4064: checking for egrep
configure:4128: result: /bin/grep -E
configure:4133: checking for fgrep
configure:4197: result: /bin/grep -F
configure:4232: checking for ld used by gcc
configure:4299: result: /usr/bin/ld
configure:4308: checking if the linker (/usr/bin/ld) is GNU ld
configure:4323: result: yes
configure:4335: checking for BSD- or MS-compatible name lister (nm)
configure:4384: result: /usr/bin/nm -B
configure:4502: checking the name lister (/usr/bin/nm -B) interface
configure:4509: gcc -c -g -O2  conftest.c >&5
configure:4512: /usr/bin/nm -B "conftest.o"
configure:4515: output
0000000000000000 B some_variable
configure:4522: result: BSD nm
configure:4525: checking whether ln -s works
configure:4529: result: yes
configure:4537: checking the maximum length of command line arguments
configure:4657: result: 1966080
configure:4674: checking whether the shell understands some XSI constructs
configure:4684: result: yes
configure:4688: checking whether the shell understands "+="
configure:4694: result: yes
configure:4729: checking for /usr/bin/ld option to reload object files
configure:4736: result: -r
configure:4805: checking for objdump
configure:4821: found /usr/bin/objdump
configure:4832: result: objdump
configure:4864: checking how to recognize dependent libraries
configure:5060: result: pass_all
configure:5120: checking for ar
configure:5136: found /usr/bin/ar
configure:5147: result: ar
configure:5225: checking for strip
configure:5241: found /usr/bin/strip
configure:5252: result: strip
configure:5324: checking for ranlib
configure:5340: found /usr/bin/ranlib
configure:5351: result: ranlib
configure:5441: checking command to parse /usr/bin/nm -B output from gcc object
configure:5559: gcc -c -g -O2  conftest.c >&5
configure:5562: $? = 0
configure:5566: /usr/bin/nm -B conftest.o \| sed -n -e 's/^.*[	 ]\([ABCDGIRSTW][ABCDGIRSTW]*\)[	 ][	 ]*\([_A-Za-z][_A-Za-z0-9]*\)$/\1 \2 \2/p' \> conftest.nm
configure:5569: $? = 0
configure:5623: gcc -o conftest -g -O2   conftest.c conftstm.o >&5
configure:5626: $? = 0
configure:5664: result: ok
configure:5760: gcc -c -g -O2  conftest.c >&5
configure:5763: $? = 0
configure:6531: checking how to run the C preprocessor
configure:6571: gcc -E  conftest.c
configure:6578: $? = 0
configure:6609: gcc -E  conftest.c
conftest.c:11:28: error: ac_nonexistent.h: No such file or directory
configure:6616: $? = 1
configure: failed program was:
| /* confdefs.h.  */
| #define PACKAGE_NAME "sqlbox"
| #define PACKAGE_TARNAME "sqlbox"
| #define PACKAGE_VERSION "cvs"
| #define PACKAGE_STRING "sqlbox cvs"
| #define PACKAGE_BUGREPORT "devel@kannel.org"
| #define VERSION "svn-r"
| #define PACKAGE "SqlBox"
| #define VERSION "svn-r"
| /* end confdefs.h.  */
| #include <ac_nonexistent.h>
configure:6649: result: gcc -E
configure:6678: gcc -E  conftest.c
configure:6685: $? = 0
configure:6716: gcc -E  conftest.c
conftest.c:11:28: error: ac_nonexistent.h: No such file or directory
configure:6723: $? = 1
configure: failed program was:
| /* confdefs.h.  */
| #define PACKAGE_NAME "sqlbox"
| #define PACKAGE_TARNAME "sqlbox"
| #define PACKAGE_VERSION "cvs"
| #define PACKAGE_STRING "sqlbox cvs"
| #define PACKAGE_BUGREPORT "devel@kannel.org"
| #define VERSION "svn-r"
| #define PACKAGE "SqlBox"
| #define VERSION "svn-r"
| /* end confdefs.h.  */
| #include <ac_nonexistent.h>
configure:6763: checking for ANSI C header files
configure:6793: gcc -c -g -O2  conftest.c >&5
configure:6800: $? = 0
configure:6899: gcc -o conftest -g -O2   conftest.c  >&5
configure:6903: $? = 0
configure:6909: ./conftest
configure:6913: $? = 0
configure:6931: result: yes
configure:6955: checking for sys/types.h
configure:6976: gcc -c -g -O2  conftest.c >&5
configure:6983: $? = 0
configure:7000: result: yes
configure:6955: checking for sys/stat.h
configure:6976: gcc -c -g -O2  conftest.c >&5
configure:6983: $? = 0
configure:7000: result: yes
configure:6955: checking for stdlib.h
configure:6976: gcc -c -g -O2  conftest.c >&5
configure:6983: $? = 0
configure:7000: result: yes
configure:6955: checking for string.h
configure:6976: gcc -c -g -O2  conftest.c >&5
configure:6983: $? = 0
configure:7000: result: yes
configure:6955: checking for memory.h
configure:6976: gcc -c -g -O2  conftest.c >&5
configure:6983: $? = 0
configure:7000: result: yes
configure:6955: checking for strings.h
configure:6976: gcc -c -g -O2  conftest.c >&5
configure:6983: $? = 0
configure:7000: result: yes
configure:6955: checking for inttypes.h
configure:6976: gcc -c -g -O2  conftest.c >&5
configure:6983: $? = 0
configure:7000: result: yes
configure:6955: checking for stdint.h
configure:6976: gcc -c -g -O2  conftest.c >&5
configure:6983: $? = 0
configure:7000: result: yes
configure:6955: checking for unistd.h
configure:6976: gcc -c -g -O2  conftest.c >&5
configure:6983: $? = 0
configure:7000: result: yes
configure:7018: checking for dlfcn.h
configure:7039: gcc -c -g -O2  conftest.c >&5
configure:7046: $? = 0
configure:7063: result: yes
configure:7249: checking for objdir
configure:7264: result: .libs
configure:7556: checking if gcc supports -fno-rtti -fno-exceptions
configure:7574: gcc -c -g -O2  -fno-rtti -fno-exceptions conftest.c >&5
cc1: warning: command line option "-fno-rtti" is valid for C++/ObjC++ but not for C
configure:7578: $? = 0
configure:7591: result: no
configure:7611: checking for gcc option to produce PIC
configure:7883: result: -fPIC -DPIC
configure:7895: checking if gcc PIC flag -fPIC -DPIC works
configure:7913: gcc -c -g -O2  -fPIC -DPIC -DPIC conftest.c >&5
configure:7917: $? = 0
configure:7930: result: yes
configure:7954: checking if gcc static flag -static works
configure:7982: result: yes
configure:7997: checking if gcc supports -c -o file.o
configure:8018: gcc -c -g -O2  -o out/conftest2.o conftest.c >&5
configure:8022: $? = 0
configure:8044: result: yes
configure:8052: checking if gcc supports -c -o file.o
configure:8099: result: yes
configure:8132: checking whether the gcc linker (/usr/bin/ld -m elf_x86_64) supports shared libraries
configure:9206: result: yes
configure:9243: checking whether -lc should be explicitly linked in
configure:9248: gcc -c -g -O2  conftest.c >&5
configure:9251: $? = 0
configure:9266: gcc -shared conftest.o  -v -Wl,-soname -Wl,conftest -o conftest 2\>\&1 \| /bin/grep  -lc  \>/dev/null 2\>\&1
configure:9269: $? = 0
configure:9281: result: no
configure:9445: checking dynamic linker characteristics
configure:9888: gcc -o conftest -g -O2   -Wl,-rpath -Wl,/foo conftest.c  >&5
configure:9895: $? = 0
configure:10131: result: GNU/Linux ld.so
configure:10233: checking how to hardcode library paths into programs
configure:10258: result: immediate
configure:11091: checking whether stripping libraries is possible
configure:11096: result: yes
configure:11131: checking if libtool supports shared libraries
configure:11133: result: yes
configure:11136: checking whether to build shared libraries
configure:11157: result: yes
configure:11160: checking whether to build static libraries
configure:11164: result: yes
configure:11211: checking for dirent.h that defines DIR
configure:11240: gcc -c -g -O2  conftest.c >&5
configure:11247: $? = 0
configure:11264: result: yes
configure:11279: checking for library containing opendir
configure:11320: gcc -o conftest -g -O2   conftest.c  >&5
configure:11327: $? = 0
configure:11358: result: none required
configure:11456: checking for ANSI C header files
configure:11624: result: yes
configure:11634: checking for sys/wait.h that is POSIX.1 compatible
configure:11670: gcc -c -g -O2  conftest.c >&5
configure:11677: $? = 0
configure:11692: result: yes
configure:11704: checking for an ANSI C-conforming const
configure:11779: gcc -c -g -O2  conftest.c >&5
configure:11786: $? = 0
configure:11801: result: yes
configure:11811: checking whether struct tm is in sys/time.h or time.h
configure:11841: gcc -c -g -O2  conftest.c >&5
configure:11848: $? = 0
configure:11863: result: time.h
configure:11873: checking for working volatile
configure:11902: gcc -c -g -O2  conftest.c >&5
configure:11909: $? = 0
configure:11924: result: yes
configure:11935: checking whether closedir returns void
configure:11969: gcc -o conftest -g -O2   conftest.c  >&5
configure:11973: $? = 0
configure:11979: ./conftest
configure:11983: $? = 0
configure:12000: result: no
configure:12010: checking for error_at_line
configure:12036: gcc -o conftest -g -O2   conftest.c  >&5
configure:12043: $? = 0
configure:12063: result: yes
configure:12079: checking for stdlib.h
configure:12086: result: yes
configure:12225: checking for GNU libc compatible malloc
configure:12259: gcc -o conftest -g -O2   conftest.c  >&5
configure:12263: $? = 0
configure:12269: ./conftest
configure:12273: $? = 0
configure:12290: result: yes
configure:12318: checking for working memcmp
configure:12371: gcc -o conftest -g -O2   conftest.c  >&5
configure:12375: $? = 0
configure:12381: ./conftest
configure:12385: $? = 0
configure:12402: result: yes
configure:12635: checking whether to compile with SSL support
configure:12669: result: trying  /usr/local/ssl/include
configure:13200: checking for jade
configure:13228: result: no
configure:13240: checking for openjade
configure:13268: result: no
configure:13281: checking for jadetex
configure:13309: result: no
configure:13319: checking for pdfjadetex
configure:13347: result: no
configure:13357: checking for dvips
configure:13385: result: no
configure:13395: checking for fig2dev
configure:13423: result: no
configure:13433: checking for convert
configure:13449: found /usr/bin/convert
configure:13461: result: convert
configure:13482: checking for /usr/lib/sgml/stylesheet/dsssl/docbook/nwalsh/html/docbook.dsl
configure:13499: result: no
configure:13482: checking for /usr/lib/sgml/stylesheets/nwalsh-modular/html/docbook.dsl
configure:13499: result: no
configure:13482: checking for /usr/share/dsssl/docbook-dsssl/html/docbook.dsl
configure:13499: result: no
configure:13482: checking for /usr/share/sgml/docbook/dsssl-stylesheets-1.*/html/docbook.dsl
configure:13499: result: no
configure:13482: checking for /usr/share/sgml/docbook/dsssl-stylesheets/html/docbook.dsl
configure:13499: result: no
configure:13482: checking for /usr/share/sgml/docbook/stylesheet/dsssl/modular/html/docbook.dsl
configure:13499: result: no
configure:13482: checking for /usr/share/sgml/docbook/dsssl/modular/html/docbook.dsl
configure:13499: result: no
configure:13482: checking for /usr/local/lib/sgml/stylesheet/dsssl/docbook/nwalsh/html/docbook.dsl
configure:13499: result: no
configure:13482: checking for /usr/local/lib/sgml/stylesheets/nwalsh-modular/html/docbook.dsl
configure:13499: result: no
configure:13482: checking for /usr/local/share/dsssl/docbook-dsssl/html/docbook.dsl
configure:13499: result: no
configure:13482: checking for /usr/local/share/sgml/docbook/dsssl-stylesheets-1.*/html/docbook.dsl
configure:13499: result: no
configure:13482: checking for /usr/local/share/sgml/docbook/dsssl-stylesheets/html/docbook.dsl
configure:13499: result: no
configure:13482: checking for /usr/local/share/sgml/docbook/stylesheet/dsssl/modular/html/docbook.dsl
configure:13499: result: no
configure:13482: checking for /usr/local/share/sgml/docbook/dsssl/modular/html/docbook.dsl
configure:13499: result: no
configure:13482: checking for /opt/local/lib/sgml/stylesheet/dsssl/docbook/nwalsh/html/docbook.dsl
configure:13499: result: no
configure:13482: checking for /opt/local/lib/sgml/stylesheets/nwalsh-modular/html/docbook.dsl
configure:13499: result: no
configure:13482: checking for /opt/local/share/dsssl/docbook-dsssl/html/docbook.dsl
configure:13499: result: no
configure:13482: checking for /opt/local/share/sgml/docbook/dsssl-stylesheets-1.*/html/docbook.dsl
configure:13499: result: no
configure:13482: checking for /opt/local/share/sgml/docbook/dsssl-stylesheets/html/docbook.dsl
configure:13499: result: no
configure:13482: checking for /opt/local/share/sgml/docbook/stylesheet/dsssl/modular/html/docbook.dsl
configure:13499: result: no
configure:13482: checking for /opt/local/share/sgml/docbook/dsssl/modular/html/docbook.dsl
configure:13499: result: no
configure:13524: checking for /usr/lib/sgml/stylesheet/dsssl/docbook/nwalsh/print/docbook.dsl
configure:13541: result: no
configure:13524: checking for /usr/lib/sgml/stylesheets/nwalsh-modular/print/docbook.dsl
configure:13541: result: no
configure:13524: checking for /usr/share/dsssl/docbook-dsssl/print/docbook.dsl
configure:13541: result: no
configure:13524: checking for /usr/share/sgml/docbook/dsssl-stylesheets-1.*/print/docbook.dsl
configure:13541: result: no
configure:13524: checking for /usr/share/sgml/docbook/dsssl-stylesheets/print/docbook.dsl
configure:13541: result: no
configure:13524: checking for /usr/share/sgml/docbook/stylesheet/dsssl/modular/print/docbook.dsl
configure:13541: result: no
configure:13524: checking for /usr/share/sgml/docbook/dsssl/modular/print/docbook.dsl
configure:13541: result: no
configure:13524: checking for /usr/local/lib/sgml/stylesheet/dsssl/docbook/nwalsh/print/docbook.dsl
configure:13541: result: no
configure:13524: checking for /usr/local/lib/sgml/stylesheets/nwalsh-modular/print/docbook.dsl
configure:13541: result: no
configure:13524: checking for /usr/local/share/dsssl/docbook-dsssl/print/docbook.dsl
configure:13541: result: no
configure:13524: checking for /usr/local/share/sgml/docbook/dsssl-stylesheets-1.*/print/docbook.dsl
configure:13541: result: no
configure:13524: checking for /usr/local/share/sgml/docbook/dsssl-stylesheets/print/docbook.dsl
configure:13541: result: no
configure:13524: checking for /usr/local/share/sgml/docbook/stylesheet/dsssl/modular/print/docbook.dsl
configure:13541: result: no
configure:13524: checking for /usr/local/share/sgml/docbook/dsssl/modular/print/docbook.dsl
configure:13541: result: no
configure:13524: checking for /opt/local/lib/sgml/stylesheet/dsssl/docbook/nwalsh/print/docbook.dsl
configure:13541: result: no
configure:13524: checking for /opt/local/lib/sgml/stylesheets/nwalsh-modular/print/docbook.dsl
configure:13541: result: no
configure:13524: checking for /opt/local/share/dsssl/docbook-dsssl/print/docbook.dsl
configure:13541: result: no
configure:13524: checking for /opt/local/share/sgml/docbook/dsssl-stylesheets-1.*/print/docbook.dsl
configure:13541: result: no
configure:13524: checking for /opt/local/share/sgml/docbook/dsssl-stylesheets/print/docbook.dsl
configure:13541: result: no
configure:13524: checking for /opt/local/share/sgml/docbook/stylesheet/dsssl/modular/print/docbook.dsl
configure:13541: result: no
configure:13524: checking for /opt/local/share/sgml/docbook/dsssl/modular/print/docbook.dsl
configure:13541: result: no
configure:13567: checking for /usr/lib/sgml/stylesheet/dsssl/docbook/nwalsh/dtds/decls/xml.dcl
configure:13584: result: no
configure:13567: checking for /usr/lib/sgml/stylesheets/nwalsh-modular/dtds/decls/xml.dcl
configure:13584: result: no
configure:13567: checking for /usr/share/sgml/docbook/dsssl-stylesheets-1.*/dtds/decls/xml.dcl
configure:13584: result: no
configure:13567: checking for /usr/share/sgml/docbook/dsssl-stylesheets/dtds/decls/xml.dcl
configure:13584: result: no
configure:13567: checking for /usr/share/sgml/docbook/stylesheet/dsssl/modular/dtds/decls/xml.dcl
configure:13584: result: no
configure:13567: checking for /usr/share/sgml/docbook/dsssl/modular/dtds/decls/xml.dcl
configure:13584: result: no
configure:13567: checking for /usr/share/sgml/dsssl/docbook-dsssl-nwalsh/dtds/decls/xml.dcl
configure:13584: result: no
configure:13567: checking for /usr/share/dsssl/docbook-dsssl/dtds/decls/xml.dcl
configure:13584: result: no
configure:13567: checking for /usr/local/lib/sgml/stylesheet/dsssl/docbook/nwalsh/dtds/decls/xml.dcl
configure:13584: result: no
configure:13567: checking for /usr/local/lib/sgml/stylesheets/nwalsh-modular/dtds/decls/xml.dcl
configure:13584: result: no
configure:13567: checking for /usr/local/share/sgml/docbook/dsssl-stylesheets-1.*/dtds/decls/xml.dcl
configure:13584: result: no
configure:13567: checking for /usr/local/share/sgml/docbook/dsssl-stylesheets/dtds/decls/xml.dcl
configure:13584: result: no
configure:13567: checking for /usr/local/share/sgml/docbook/stylesheet/dsssl/modular/dtds/decls/xml.dcl
configure:13584: result: no
configure:13567: checking for /usr/local/share/sgml/docbook/dsssl/modular/dtds/decls/xml.dcl
configure:13584: result: no
configure:13567: checking for /usr/local/share/sgml/dsssl/docbook-dsssl-nwalsh/dtds/decls/xml.dcl
configure:13584: result: no
configure:13567: checking for /usr/local/share/dsssl/docbook-dsssl/dtds/decls/xml.dcl
configure:13584: result: no
configure:13567: checking for /sw/lib/sgml/stylesheet/dsssl/docbook/nwalsh/dtds/decls/xml.dcl
configure:13584: result: no
configure:13567: checking for /sw/lib/sgml/stylesheets/nwalsh-modular/dtds/decls/xml.dcl
configure:13584: result: no
configure:13567: checking for /sw/share/sgml/docbook/dsssl-stylesheets-1.*/dtds/decls/xml.dcl
configure:13584: result: no
configure:13567: checking for /sw/share/sgml/docbook/dsssl-stylesheets/dtds/decls/xml.dcl
configure:13584: result: no
configure:13567: checking for /sw/share/sgml/docbook/stylesheet/dsssl/modular/dtds/decls/xml.dcl
configure:13584: result: no
configure:13567: checking for /sw/share/sgml/docbook/dsssl/modular/dtds/decls/xml.dcl
configure:13584: result: no
configure:13567: checking for /sw/share/sgml/dsssl/docbook-dsssl-nwalsh/dtds/decls/xml.dcl
configure:13584: result: no
configure:13567: checking for /sw/share/dsssl/docbook-dsssl/dtds/decls/xml.dcl
configure:13584: result: no
configure:13567: checking for /opt/local/lib/sgml/stylesheet/dsssl/docbook/nwalsh/dtds/decls/xml.dcl
configure:13584: result: no
configure:13567: checking for /opt/local/lib/sgml/stylesheets/nwalsh-modular/dtds/decls/xml.dcl
configure:13584: result: no
configure:13567: checking for /opt/local/share/sgml/docbook/dsssl-stylesheets-1.*/dtds/decls/xml.dcl
configure:13584: result: no
configure:13567: checking for /opt/local/share/sgml/docbook/dsssl-stylesheets/dtds/decls/xml.dcl
configure:13584: result: no
configure:13567: checking for /opt/local/share/sgml/docbook/stylesheet/dsssl/modular/dtds/decls/xml.dcl
configure:13584: result: no
configure:13567: checking for /opt/local/share/sgml/docbook/dsssl/modular/dtds/decls/xml.dcl
configure:13584: result: no
configure:13567: checking for /opt/local/share/sgml/dsssl/docbook-dsssl-nwalsh/dtds/decls/xml.dcl
configure:13584: result: no
configure:13567: checking for /opt/local/share/dsssl/docbook-dsssl/dtds/decls/xml.dcl
configure:13584: result: no
configure:13628: result: Not building documentation.
configure:13666: checking for Ct-Lib support
configure:13866: result: no
configure:13874: checking for FreeTDS Ct-Lib support
configure:14074: result: no
configure:14096: checking for gw-config
configure:14115: found /usr/local/bin/gw-config
configure:14128: result: /usr/local/bin/gw-config
configure:14181: checking Kannel version
configure:14184: result: 1.4.4
configure:14186: checking Kannel libs
configure:14191: result: -L/usr/local/lib/kannel -lgw -lwap -lgwlib -lmysqlclient -lssl -lrt -lresolv -lnsl -lm  -lpthread -lxml2 -lz -lm -L/usr/lib/gcc/x86_64-redhat-linux/4.4.7/../../../../lib64 -lcrypto -lssl -L/usr/lib64/mysql -lmysqlclient -lpthread -lm -lrt -ldl 
configure:14194: checking Kannel includes
configure:14199: result: -I/usr/local/include/kannel -g -O2 -D_XOPEN_SOURCE=600 -D_BSD_SOURCE -D_LARGE_FILES= -I/usr/include/libxml2 -I/usr/local/ssl/include -I/usr/include/mysql
configure:14205: checking for cfg_create in -lgwlib
configure:14241: gcc -o conftest -g -O2 -D_XOPEN_SOURCE=600 -D_BSD_SOURCE -I/usr/local/include/kannel -g -O2 -D_XOPEN_SOURCE=600 -D_BSD_SOURCE -D_LARGE_FILES= -I/usr/include/libxml2 -I/usr/local/ssl/include -I/usr/include/mysql   -rdynamic conftest.c -lgwlib  -rdynamic
  -L/usr/local/lib/kannel -lgw -lwap -lgwlib -lmysqlclient -lssl -lrt -lresolv -lnsl -lm  -lpthread -lxml2 -lz -lm -L/usr/lib/gcc/x86_64-redhat-linux/4.4.7/../../../../lib64 -lcrypto -lssl -L/usr/lib64/mysql -lmysqlclient -lpthread -lm -lrt -ldl  >&5
configure:14248: $? = 0
configure:14269: result: yes
configure:14285: checking for Kannel's DB support
configure:14317: gcc -o conftest -g -O2 -D_XOPEN_SOURCE=600 -D_BSD_SOURCE -I/usr/local/include/kannel -g -O2 -D_XOPEN_SOURCE=600 -D_BSD_SOURCE -D_LARGE_FILES= -I/usr/include/libxml2 -I/usr/local/ssl/include -I/usr/include/mysql   -rdynamic conftest.c -lgwlib  -L/usr/local/lib/kannel -lgw -lwap -lgwlib -lmysqlclient -lssl -lrt -lresolv -lnsl -lm  -lpthread -lxml2 -lz -lm -L/usr/lib/gcc/x86_64-redhat-linux/4.4.7/../../../../lib64 -lcrypto -lssl -L/usr/lib64/mysql -lmysqlclient -lpthread -lm -lrt -ldl  >&5
conftest.c:34: error: expected ')' before '(' token
configure:14321: $? = 1
configure: program exited with status 1
configure: failed program was:
| /* confdefs.h.  */
| #define PACKAGE_NAME "sqlbox"
| #define PACKAGE_TARNAME "sqlbox"
| #define PACKAGE_VERSION "cvs"
| #define PACKAGE_STRING "sqlbox cvs"
| #define PACKAGE_BUGREPORT "devel@kannel.org"
| #define VERSION "svn-r"
| #define PACKAGE "SqlBox"
| #define VERSION "svn-r"
| #define STDC_HEADERS 1
| #define HAVE_SYS_TYPES_H 1
| #define HAVE_SYS_STAT_H 1
| #define HAVE_STDLIB_H 1
| #define HAVE_STRING_H 1
| #define HAVE_MEMORY_H 1
| #define HAVE_STRINGS_H 1
| #define HAVE_INTTYPES_H 1
| #define HAVE_STDINT_H 1
| #define HAVE_UNISTD_H 1
| #define HAVE_DLFCN_H 1
| #define LT_OBJDIR ".libs/"
| #define HAVE_DIRENT_H 1
| #define STDC_HEADERS 1
| #define HAVE_SYS_WAIT_H 1
| #define HAVE_STDLIB_H 1
| #define HAVE_MALLOC 1
| #define HAVE_LIBGWLIB 1
| /* end confdefs.h.  */
| #include "gw-config.h"
| int main(
| #if defined(HAVE_SQLITE3)
|   exit(0);
| #endif
|   exit(1);
| }
configure:14380: gcc -o conftest -g -O2 -D_XOPEN_SOURCE=600 -D_BSD_SOURCE -I/usr/local/include/kannel -g -O2 -D_XOPEN_SOURCE=600 -D_BSD_SOURCE -D_LARGE_FILES= -I/usr/include/libxml2 -I/usr/local/ssl/include -I/usr/include/mysql   -rdynamic conftest.c -lgwlib  -L/usr/local/lib/kannel -lgw -lwap -lgwlib -lmysqlclient -lssl -lrt -lresolv -lnsl -lm  -lpthread -lxml2 -lz -lm -L/usr/lib/gcc/x86_64-redhat-linux/4.4.7/../../../../lib64 -lcrypto -lssl -L/usr/lib64/mysql -lmysqlclient -lpthread -lm -lrt -ldl  >&5
conftest.c: In function 'main':
conftest.c:34: warning: incompatible implicit declaration of built-in function 'exit'
configure:14384: $? = 0
configure:14390: ./conftest
configure:14394: $? = 1
configure: program exited with status 1
configure: failed program was:
| /* confdefs.h.  */
| #define PACKAGE_NAME "sqlbox"
| #define PACKAGE_TARNAME "sqlbox"
| #define PACKAGE_VERSION "cvs"
| #define PACKAGE_STRING "sqlbox cvs"
| #define PACKAGE_BUGREPORT "devel@kannel.org"
| #define VERSION "svn-r"
| #define PACKAGE "SqlBox"
| #define VERSION "svn-r"
| #define STDC_HEADERS 1
| #define HAVE_SYS_TYPES_H 1
| #define HAVE_SYS_STAT_H 1
| #define HAVE_STDLIB_H 1
| #define HAVE_STRING_H 1
| #define HAVE_MEMORY_H 1
| #define HAVE_STRINGS_H 1
| #define HAVE_INTTYPES_H 1
| #define HAVE_STDINT_H 1
| #define HAVE_UNISTD_H 1
| #define HAVE_DLFCN_H 1
| #define LT_OBJDIR ".libs/"
| #define HAVE_DIRENT_H 1
| #define STDC_HEADERS 1
| #define HAVE_SYS_WAIT_H 1
| #define HAVE_STDLIB_H 1
| #define HAVE_MALLOC 1
| #define HAVE_LIBGWLIB 1
| /* end confdefs.h.  */
| #include "gw-config.h"
| int main(void){
| #if defined(HAVE_SQLITE)
|   exit(0);
| #endif
|   exit(1);
| }
configure:14443: gcc -o conftest -g -O2 -D_XOPEN_SOURCE=600 -D_BSD_SOURCE -I/usr/local/include/kannel -g -O2 -D_XOPEN_SOURCE=600 -D_BSD_SOURCE -D_LARGE_FILES= -I/usr/include/libxml2 -I/usr/local/ssl/include -I/usr/include/mysql   -rdynamic conftest.c -lgwlib  -L/usr/local/lib/kannel -lgw -lwap -lgwlib -lmysqlclient -lssl -lrt -lresolv -lnsl -lm  -lpthread -lxml2 -lz -lm -L/usr/lib/gcc/x86_64-redhat-linux/4.4.7/../../../../lib64 -lcrypto -lssl -L/usr/lib64/mysql -lmysqlclient -lpthread -lm -lrt -ldl  >&5
conftest.c: In function 'main':
conftest.c:34: warning: incompatible implicit declaration of built-in function 'exit'
configure:14447: $? = 0
configure:14453: ./conftest
configure:14457: $? = 1
configure: program exited with status 1
configure: failed program was:
| /* confdefs.h.  */
| #define PACKAGE_NAME "sqlbox"
| #define PACKAGE_TARNAME "sqlbox"
| #define PACKAGE_VERSION "cvs"
| #define PACKAGE_STRING "sqlbox cvs"
| #define PACKAGE_BUGREPORT "devel@kannel.org"
| #define VERSION "svn-r"
| #define PACKAGE "SqlBox"
| #define VERSION "svn-r"
| #define STDC_HEADERS 1
| #define HAVE_SYS_TYPES_H 1
| #define HAVE_SYS_STAT_H 1
| #define HAVE_STDLIB_H 1
| #define HAVE_STRING_H 1
| #define HAVE_MEMORY_H 1
| #define HAVE_STRINGS_H 1
| #define HAVE_INTTYPES_H 1
| #define HAVE_STDINT_H 1
| #define HAVE_UNISTD_H 1
| #define HAVE_DLFCN_H 1
| #define LT_OBJDIR ".libs/"
| #define HAVE_DIRENT_H 1
| #define STDC_HEADERS 1
| #define HAVE_SYS_WAIT_H 1
| #define HAVE_STDLIB_H 1
| #define HAVE_MALLOC 1
| #define HAVE_LIBGWLIB 1
| /* end confdefs.h.  */
| #include "gw-config.h"
| int main(void){
| #if defined(HAVE_PGSQL)
|   exit(0);
| #endif
|   exit(1);
| }
configure:14506: gcc -o conftest -g -O2 -D_XOPEN_SOURCE=600 -D_BSD_SOURCE -I/usr/local/include/kannel -g -O2 -D_XOPEN_SOURCE=600 -D_BSD_SOURCE -D_LARGE_FILES= -I/usr/include/libxml2 -I/usr/local/ssl/include -I/usr/include/mysql   -rdynamic conftest.c -lgwlib  -L/usr/local/lib/kannel -lgw -lwap -lgwlib -lmysqlclient -lssl -lrt -lresolv -lnsl -lm  -lpthread -lxml2 -lz -lm -L/usr/lib/gcc/x86_64-redhat-linux/4.4.7/../../../../lib64 -lcrypto -lssl -L/usr/lib64/mysql -lmysqlclient -lpthread -lm -lrt -ldl  >&5
conftest.c: In function 'main':
conftest.c:34: warning: incompatible implicit declaration of built-in function 'exit'
configure:14510: $? = 0
configure:14516: ./conftest
configure:14520: $? = 1
configure: program exited with status 1
configure: failed program was:
| /* confdefs.h.  */
| #define PACKAGE_NAME "sqlbox"
| #define PACKAGE_TARNAME "sqlbox"
| #define PACKAGE_VERSION "cvs"
| #define PACKAGE_STRING "sqlbox cvs"
| #define PACKAGE_BUGREPORT "devel@kannel.org"
| #define VERSION "svn-r"
| #define PACKAGE "SqlBox"
| #define VERSION "svn-r"
| #define STDC_HEADERS 1
| #define HAVE_SYS_TYPES_H 1
| #define HAVE_SYS_STAT_H 1
| #define HAVE_STDLIB_H 1
| #define HAVE_STRING_H 1
| #define HAVE_MEMORY_H 1
| #define HAVE_STRINGS_H 1
| #define HAVE_INTTYPES_H 1
| #define HAVE_STDINT_H 1
| #define HAVE_UNISTD_H 1
| #define HAVE_DLFCN_H 1
| #define LT_OBJDIR ".libs/"
| #define HAVE_DIRENT_H 1
| #define STDC_HEADERS 1
| #define HAVE_SYS_WAIT_H 1
| #define HAVE_STDLIB_H 1
| #define HAVE_MALLOC 1
| #define HAVE_LIBGWLIB 1
| /* end confdefs.h.  */
| #include "gw-config.h"
| int main(void){
| #if defined(HAVE_ORACLE)
|   exit(0);
| #endif
|   exit(1);
| }
configure:14569: gcc -o conftest -g -O2 -D_XOPEN_SOURCE=600 -D_BSD_SOURCE -I/usr/local/include/kannel -g -O2 -D_XOPEN_SOURCE=600 -D_BSD_SOURCE -D_LARGE_FILES= -I/usr/include/libxml2 -I/usr/local/ssl/include -I/usr/include/mysql   -rdynamic conftest.c -lgwlib  -L/usr/local/lib/kannel -lgw -lwap -lgwlib -lmysqlclient -lssl -lrt -lresolv -lnsl -lm  -lpthread -lxml2 -lz -lm -L/usr/lib/gcc/x86_64-redhat-linux/4.4.7/../../../../lib64 -lcrypto -lssl -L/usr/lib64/mysql -lmysqlclient -lpthread -lm -lrt -ldl  >&5
conftest.c: In function 'main':
conftest.c:32: warning: incompatible implicit declaration of built-in function 'exit'
configure:14573: $? = 0
configure:14579: ./conftest
configure:14583: $? = 0
configure:14632: gcc -o conftest -g -O2 -D_XOPEN_SOURCE=600 -D_BSD_SOURCE -I/usr/local/include/kannel -g -O2 -D_XOPEN_SOURCE=600 -D_BSD_SOURCE -D_LARGE_FILES= -I/usr/include/libxml2 -I/usr/local/ssl/include -I/usr/include/mysql   -rdynamic conftest.c -lgwlib  -L/usr/local/lib/kannel -lgw -lwap -lgwlib -lmysqlclient -lssl -lrt -lresolv -lnsl -lm  -lpthread -lxml2 -lz -lm -L/usr/lib/gcc/x86_64-redhat-linux/4.4.7/../../../../lib64 -lcrypto -lssl -L/usr/lib64/mysql -lmysqlclient -lpthread -lm -lrt -ldl  >&5
conftest.c: In function 'main':
conftest.c:34: warning: incompatible implicit declaration of built-in function 'exit'
configure:14636: $? = 0
configure:14642: ./conftest
configure:14646: $? = 1
configure: program exited with status 1
configure: failed program was:
| /* confdefs.h.  */
| #define PACKAGE_NAME "sqlbox"
| #define PACKAGE_TARNAME "sqlbox"
| #define PACKAGE_VERSION "cvs"
| #define PACKAGE_STRING "sqlbox cvs"
| #define PACKAGE_BUGREPORT "devel@kannel.org"
| #define VERSION "svn-r"
| #define PACKAGE "SqlBox"
| #define VERSION "svn-r"
| #define STDC_HEADERS 1
| #define HAVE_SYS_TYPES_H 1
| #define HAVE_SYS_STAT_H 1
| #define HAVE_STDLIB_H 1
| #define HAVE_STRING_H 1
| #define HAVE_MEMORY_H 1
| #define HAVE_STRINGS_H 1
| #define HAVE_INTTYPES_H 1
| #define HAVE_STDINT_H 1
| #define HAVE_UNISTD_H 1
| #define HAVE_DLFCN_H 1
| #define LT_OBJDIR ".libs/"
| #define HAVE_DIRENT_H 1
| #define STDC_HEADERS 1
| #define HAVE_SYS_WAIT_H 1
| #define HAVE_STDLIB_H 1
| #define HAVE_MALLOC 1
| #define HAVE_LIBGWLIB 1
| /* end confdefs.h.  */
| #include "gw-config.h"
| int main(void){
| #if defined(HAVE_SDB)
|   exit(0);
| #endif
|   exit(1);
| }
configure:14666: result: ok
configure:14809: creating ./config.status

## ---------------------- ##
## Running config.status. ##
## ---------------------- ##

This file was extended by sqlbox config.status cvs, which was
generated by GNU Autoconf 2.63.  Invocation command line was

  CONFIG_FILES    = 
  CONFIG_HEADERS  = 
  CONFIG_LINKS    = 
  CONFIG_COMMANDS = 
  $ ./config.status 

on ip-166-62-16-78.ip.secureserver.net

config.status:1016: creating Makefile
config.status:1016: creating gw/Makefile
config.status:1016: creating rpm/sqlbox.spec
config.status:1016: creating sb-config.h
config.status:1238: sb-config.h is unchanged
config.status:1290: executing depfiles commands
config.status:1290: executing libtool commands

## ---------------- ##
## Cache variables. ##
## ---------------- ##

ac_cv_build=x86_64-unknown-linux-gnu
ac_cv_c_compiler_gnu=yes
ac_cv_c_const=yes
ac_cv_c_volatile=yes
ac_cv_env_CC_set=
ac_cv_env_CC_value=
ac_cv_env_CFLAGS_set=
ac_cv_env_CFLAGS_value=
ac_cv_env_CPPFLAGS_set=
ac_cv_env_CPPFLAGS_value=
ac_cv_env_CPP_set=
ac_cv_env_CPP_value=
ac_cv_env_LDFLAGS_set=
ac_cv_env_LDFLAGS_value=
ac_cv_env_LIBS_set=
ac_cv_env_LIBS_value=
ac_cv_env_build_alias_set=
ac_cv_env_build_alias_value=
ac_cv_env_host_alias_set=
ac_cv_env_host_alias_value=
ac_cv_env_target_alias_set=
ac_cv_env_target_alias_value=
ac_cv_file__opt_local_lib_sgml_stylesheet_dsssl_docbook_nwalsh_dtds_decls_xml_dcl=no
ac_cv_file__opt_local_lib_sgml_stylesheet_dsssl_docbook_nwalsh_html_docbook_dsl=no
ac_cv_file__opt_local_lib_sgml_stylesheet_dsssl_docbook_nwalsh_print_docbook_dsl=no
ac_cv_file__opt_local_lib_sgml_stylesheets_nwalsh_modular_dtds_decls_xml_dcl=no
ac_cv_file__opt_local_lib_sgml_stylesheets_nwalsh_modular_html_docbook_dsl=no
ac_cv_file__opt_local_lib_sgml_stylesheets_nwalsh_modular_print_docbook_dsl=no
ac_cv_file__opt_local_share_dsssl_docbook_dsssl_dtds_decls_xml_dcl=no
ac_cv_file__opt_local_share_dsssl_docbook_dsssl_html_docbook_dsl=no
ac_cv_file__opt_local_share_dsssl_docbook_dsssl_print_docbook_dsl=no
ac_cv_file__opt_local_share_sgml_docbook_dsssl_modular_dtds_decls_xml_dcl=no
ac_cv_file__opt_local_share_sgml_docbook_dsssl_modular_html_docbook_dsl=no
ac_cv_file__opt_local_share_sgml_docbook_dsssl_modular_print_docbook_dsl=no
ac_cv_file__opt_local_share_sgml_docbook_dsssl_stylesheets_1_p_dtds_decls_xml_dcl=no
ac_cv_file__opt_local_share_sgml_docbook_dsssl_stylesheets_1_p_html_docbook_dsl=no
ac_cv_file__opt_local_share_sgml_docbook_dsssl_stylesheets_1_p_print_docbook_dsl=no
ac_cv_file__opt_local_share_sgml_docbook_dsssl_stylesheets_dtds_decls_xml_dcl=no
ac_cv_file__opt_local_share_sgml_docbook_dsssl_stylesheets_html_docbook_dsl=no
ac_cv_file__opt_local_share_sgml_docbook_dsssl_stylesheets_print_docbook_dsl=no
ac_cv_file__opt_local_share_sgml_docbook_stylesheet_dsssl_modular_dtds_decls_xml_dcl=no
ac_cv_file__opt_local_share_sgml_docbook_stylesheet_dsssl_modular_html_docbook_dsl=no
ac_cv_file__opt_local_share_sgml_docbook_stylesheet_dsssl_modular_print_docbook_dsl=no
ac_cv_file__opt_local_share_sgml_dsssl_docbook_dsssl_nwalsh_dtds_decls_xml_dcl=no
ac_cv_file__sw_lib_sgml_stylesheet_dsssl_docbook_nwalsh_dtds_decls_xml_dcl=no
ac_cv_file__sw_lib_sgml_stylesheets_nwalsh_modular_dtds_decls_xml_dcl=no
ac_cv_file__sw_share_dsssl_docbook_dsssl_dtds_decls_xml_dcl=no
ac_cv_file__sw_share_sgml_docbook_dsssl_modular_dtds_decls_xml_dcl=no
ac_cv_file__sw_share_sgml_docbook_dsssl_stylesheets_1_p_dtds_decls_xml_dcl=no
ac_cv_file__sw_share_sgml_docbook_dsssl_stylesheets_dtds_decls_xml_dcl=no
ac_cv_file__sw_share_sgml_docbook_stylesheet_dsssl_modular_dtds_decls_xml_dcl=no
ac_cv_file__sw_share_sgml_dsssl_docbook_dsssl_nwalsh_dtds_decls_xml_dcl=no
ac_cv_file__usr_lib_sgml_stylesheet_dsssl_docbook_nwalsh_dtds_decls_xml_dcl=no
ac_cv_file__usr_lib_sgml_stylesheet_dsssl_docbook_nwalsh_html_docbook_dsl=no
ac_cv_file__usr_lib_sgml_stylesheet_dsssl_docbook_nwalsh_print_docbook_dsl=no
ac_cv_file__usr_lib_sgml_stylesheets_nwalsh_modular_dtds_decls_xml_dcl=no
ac_cv_file__usr_lib_sgml_stylesheets_nwalsh_modular_html_docbook_dsl=no
ac_cv_file__usr_lib_sgml_stylesheets_nwalsh_modular_print_docbook_dsl=no
ac_cv_file__usr_local_lib_sgml_stylesheet_dsssl_docbook_nwalsh_dtds_decls_xml_dcl=no
ac_cv_file__usr_local_lib_sgml_stylesheet_dsssl_docbook_nwalsh_html_docbook_dsl=no
ac_cv_file__usr_local_lib_sgml_stylesheet_dsssl_docbook_nwalsh_print_docbook_dsl=no
ac_cv_file__usr_local_lib_sgml_stylesheets_nwalsh_modular_dtds_decls_xml_dcl=no
ac_cv_file__usr_local_lib_sgml_stylesheets_nwalsh_modular_html_docbook_dsl=no
ac_cv_file__usr_local_lib_sgml_stylesheets_nwalsh_modular_print_docbook_dsl=no
ac_cv_file__usr_local_share_dsssl_docbook_dsssl_dtds_decls_xml_dcl=no
ac_cv_file__usr_local_share_dsssl_docbook_dsssl_html_docbook_dsl=no
ac_cv_file__usr_local_share_dsssl_docbook_dsssl_print_docbook_dsl=no
ac_cv_file__usr_local_share_sgml_docbook_dsssl_modular_dtds_decls_xml_dcl=no
ac_cv_file__usr_local_share_sgml_docbook_dsssl_modular_html_docbook_dsl=no
ac_cv_file__usr_local_share_sgml_docbook_dsssl_modular_print_docbook_dsl=no
ac_cv_file__usr_local_share_sgml_docbook_dsssl_stylesheets_1_p_dtds_decls_xml_dcl=no
ac_cv_file__usr_local_share_sgml_docbook_dsssl_stylesheets_1_p_html_docbook_dsl=no
ac_cv_file__usr_local_share_sgml_docbook_dsssl_stylesheets_1_p_print_docbook_dsl=no
ac_cv_file__usr_local_share_sgml_docbook_dsssl_stylesheets_dtds_decls_xml_dcl=no
ac_cv_file__usr_local_share_sgml_docbook_dsssl_stylesheets_html_docbook_dsl=no
ac_cv_file__usr_local_share_sgml_docbook_dsssl_stylesheets_print_docbook_dsl=no
ac_cv_file__usr_local_share_sgml_docbook_stylesheet_dsssl_modular_dtds_decls_xml_dcl=no
ac_cv_file__usr_local_share_sgml_docbook_stylesheet_dsssl_modular_html_docbook_dsl=no
ac_cv_file__usr_local_share_sgml_docbook_stylesheet_dsssl_modular_print_docbook_dsl=no
ac_cv_file__usr_local_share_sgml_dsssl_docbook_dsssl_nwalsh_dtds_decls_xml_dcl=no
ac_cv_file__usr_share_dsssl_docbook_dsssl_dtds_decls_xml_dcl=no
ac_cv_file__usr_share_dsssl_docbook_dsssl_html_docbook_dsl=no
ac_cv_file__usr_share_dsssl_docbook_dsssl_print_docbook_dsl=no
ac_cv_file__usr_share_sgml_docbook_dsssl_modular_dtds_decls_xml_dcl=no
ac_cv_file__usr_share_sgml_docbook_dsssl_modular_html_docbook_dsl=no
ac_cv_file__usr_share_sgml_docbook_dsssl_modular_print_docbook_dsl=no
ac_cv_file__usr_share_sgml_docbook_dsssl_stylesheets_1_p_dtds_decls_xml_dcl=no
ac_cv_file__usr_share_sgml_docbook_dsssl_stylesheets_1_p_html_docbook_dsl=no
ac_cv_file__usr_share_sgml_docbook_dsssl_stylesheets_1_p_print_docbook_dsl=no
ac_cv_file__usr_share_sgml_docbook_dsssl_stylesheets_dtds_decls_xml_dcl=no
ac_cv_file__usr_share_sgml_docbook_dsssl_stylesheets_html_docbook_dsl=no
ac_cv_file__usr_share_sgml_docbook_dsssl_stylesheets_print_docbook_dsl=no
ac_cv_file__usr_share_sgml_docbook_stylesheet_dsssl_modular_dtds_decls_xml_dcl=no
ac_cv_file__usr_share_sgml_docbook_stylesheet_dsssl_modular_html_docbook_dsl=no
ac_cv_file__usr_share_sgml_docbook_stylesheet_dsssl_modular_print_docbook_dsl=no
ac_cv_file__usr_share_sgml_dsssl_docbook_dsssl_nwalsh_dtds_decls_xml_dcl=no
ac_cv_func_closedir_void=no
ac_cv_func_malloc_0_nonnull=yes
ac_cv_func_memcmp_working=yes
ac_cv_header_dirent_dirent_h=yes
ac_cv_header_dlfcn_h=yes
ac_cv_header_inttypes_h=yes
ac_cv_header_memory_h=yes
ac_cv_header_stdc=yes
ac_cv_header_stdint_h=yes
ac_cv_header_stdlib_h=yes
ac_cv_header_string_h=yes
ac_cv_header_strings_h=yes
ac_cv_header_sys_stat_h=yes
ac_cv_header_sys_types_h=yes
ac_cv_header_sys_wait_h=yes
ac_cv_header_unistd_h=yes
ac_cv_host=x86_64-unknown-linux-gnu
ac_cv_lib_error_at_line=yes
ac_cv_lib_gwlib_cfg_create=yes
ac_cv_objext=o
ac_cv_path_EGREP='/bin/grep -E'
ac_cv_path_FGREP='/bin/grep -F'
ac_cv_path_GREP=/bin/grep
ac_cv_path_GW_CONFIG=/usr/local/bin/gw-config
ac_cv_path_SED=/bin/sed
ac_cv_path_install='/usr/bin/install -c'
ac_cv_path_mkdir=/bin/mkdir
ac_cv_prog_AWK=gawk
ac_cv_prog_CONVERT=convert
ac_cv_prog_CPP='gcc -E'
ac_cv_prog_DVIPS=no
ac_cv_prog_FIG2DEV=no
ac_cv_prog_JADE=no
ac_cv_prog_JADETEX=no
ac_cv_prog_OLDJADE=no
ac_cv_prog_PDFJADETEX=no
ac_cv_prog_ac_ct_AR=ar
ac_cv_prog_ac_ct_CC=gcc
ac_cv_prog_ac_ct_OBJDUMP=objdump
ac_cv_prog_ac_ct_RANLIB=ranlib
ac_cv_prog_ac_ct_STRIP=strip
ac_cv_prog_cc_c89=
ac_cv_prog_cc_g=yes
ac_cv_prog_make_make_set=yes
ac_cv_search_opendir='none required'
ac_cv_struct_tm=time.h
am_cv_CC_dependencies_compiler_type=gcc3
lt_cv_deplibs_check_method=pass_all
lt_cv_file_magic_cmd='$MAGIC_CMD'
lt_cv_file_magic_test_file=
lt_cv_ld_reload_flag=-r
lt_cv_nm_interface='BSD nm'
lt_cv_objdir=.libs
lt_cv_path_LD=/usr/bin/ld
lt_cv_path_NM='/usr/bin/nm -B'
lt_cv_prog_compiler_c_o=yes
lt_cv_prog_compiler_pic_works=yes
lt_cv_prog_compiler_rtti_exceptions=no
lt_cv_prog_compiler_static_works=yes
lt_cv_prog_gnu_ld=yes
lt_cv_sys_global_symbol_pipe='sed -n -e '\''s/^.*[	 ]\([ABCDGIRSTW][ABCDGIRSTW]*\)[	 ][	 ]*\([_A-Za-z][_A-Za-z0-9]*\)$/\1 \2 \2/p'\'''
lt_cv_sys_global_symbol_to_c_name_address='sed -n -e '\''s/^: \([^ ]*\) $/  {\"\1\", (void *) 0},/p'\'' -e '\''s/^[ABCDGIRSTW]* \([^ ]*\) \([^ ]*\)$/  {"\2", (void *) \&\2},/p'\'''
lt_cv_sys_global_symbol_to_c_name_address_lib_prefix='sed -n -e '\''s/^: \([^ ]*\) $/  {\"\1\", (void *) 0},/p'\'' -e '\''s/^[ABCDGIRSTW]* \([^ ]*\) \(lib[^ ]*\)$/  {"\2", (void *) \&\2},/p'\'' -e '\''s/^[ABCDGIRSTW]* \([^ ]*\) \([^ ]*\)$/  {"lib\2", (void *) \&\2},/p'\'''
lt_cv_sys_global_symbol_to_cdecl='sed -n -e '\''s/^T .* \(.*\)$/extern int \1();/p'\'' -e '\''s/^[ABCDGIRSTW]* .* \(.*\)$/extern char \1;/p'\'''
lt_cv_sys_max_cmd_len=1966080

## ----------------- ##
## Output variables. ##
## ----------------- ##

ACLOCAL='${SHELL} /home/mayank4t/public_html/gateway/sqlbox/autotools/missing --run aclocal-1.11'
AMDEPBACKSLASH='\'
AMDEP_FALSE='#'
AMDEP_TRUE=''
AMTAR='${SHELL} /home/mayank4t/public_html/gateway/sqlbox/autotools/missing --run tar'
AR='ar'
AUTOCONF='${SHELL} /home/mayank4t/public_html/gateway/sqlbox/autotools/missing --run autoconf'
AUTOHEADER='${SHELL} /home/mayank4t/public_html/gateway/sqlbox/autotools/missing --run autoheader'
AUTOMAKE='${SHELL} /home/mayank4t/public_html/gateway/sqlbox/autotools/missing --run automake-1.11'
AWK='gawk'
CC='gcc'
CCDEPMODE='depmode=gcc3'
CFLAGS='-g -O2 -D_XOPEN_SOURCE=600 -D_BSD_SOURCE -I/usr/local/include/kannel -g -O2 -D_XOPEN_SOURCE=600 -D_BSD_SOURCE -D_LARGE_FILES= -I/usr/include/libxml2 -I/usr/local/ssl/include -I/usr/include/mysql'
CONVERT='convert'
CPP='gcc -E'
CPPFLAGS=''
CTLIB_INCLUDE=''
CTLIB_LFLAGS=''
CYGPATH_W='echo'
DEFS='-DHAVE_CONFIG_H'
DEPDIR='.deps'
DOCDRAFTS='IGNORE'
DOCSTARGET='no-docs'
DSYMUTIL=''
DUMPBIN=''
DVIPS='no'
ECHO_C=''
ECHO_N='-n'
ECHO_T=''
EGREP='/bin/grep -E'
EXEEXT=''
FGREP='/bin/grep -F'
FIG2DEV='no'
GREP='/bin/grep'
GW_CONFIG='/usr/local/bin/gw-config'
HTML_DSL=''
INCLUDES='-I$(top_srcdir)/gw -I$(top_builddir)/gw'
INSTALL_DATA='${INSTALL} -m 644'
INSTALL_PROGRAM='${INSTALL}'
INSTALL_SCRIPT='${INSTALL}'
INSTALL_STRIP_PROGRAM='$(install_sh) -c -s'
JADE='no'
JADETEX='no'
LD='/usr/bin/ld -m elf_x86_64'
LDFLAGS=' -rdynamic'
LIBOBJS=''
LIBS='-lgwlib  -L/usr/local/lib/kannel -lgw -lwap -lgwlib -lmysqlclient -lssl -lrt -lresolv -lnsl -lm  -lpthread -lxml2 -lz -lm -L/usr/lib/gcc/x86_64-redhat-linux/4.4.7/../../../../lib64 -lcrypto -lssl -L/usr/lib64/mysql -lmysqlclient -lpthread -lm -lrt -ldl '
LIBTOOL='$(SHELL) $(top_builddir)/libtool'
LIPO=''
LN_S='ln -s'
LTLIBOBJS=''
MAINT='#'
MAINTAINER_MODE_FALSE=''
MAINTAINER_MODE_TRUE='#'
MAKEINFO='${SHELL} /home/mayank4t/public_html/gateway/sqlbox/autotools/missing --run makeinfo'
MKDIR_P='/bin/mkdir -p'
NM='/usr/bin/nm -B'
NMEDIT=''
OBJDUMP='objdump'
OBJEXT='o'
OLDJADE='no'
OPENSSL=''
OTOOL64=''
OTOOL=''
PACKAGE='SqlBox'
PACKAGE_BUGREPORT='devel@kannel.org'
PACKAGE_NAME='sqlbox'
PACKAGE_STRING='sqlbox cvs'
PACKAGE_TARNAME='sqlbox'
PACKAGE_VERSION='cvs'
PATH_SEPARATOR=':'
PDFJADETEX='no'
RANLIB='ranlib'
SED='/bin/sed'
SET_MAKE=''
SHELL='/bin/sh'
STRIP='strip'
TEX_DSL=''
VERSION='svn-r'
XML_DCL=''
ac_ct_CC='gcc'
ac_ct_DUMPBIN=''
am__EXEEXT_FALSE=''
am__EXEEXT_TRUE='#'
am__fastdepCC_FALSE='#'
am__fastdepCC_TRUE=''
am__include='include'
am__isrc=''
am__leading_dot='.'
am__quote=''
am__tar='${AMTAR} chof - "$$tardir"'
am__untar='${AMTAR} xf -'
bindir='${exec_prefix}/bin'
build='x86_64-unknown-linux-gnu'
build_alias=''
build_cpu='x86_64'
build_os='linux-gnu'
build_vendor='unknown'
datadir='${datarootdir}'
datarootdir='${prefix}/share'
docdir='${datarootdir}/doc/${PACKAGE_TARNAME}'
dvidir='${docdir}'
exec_prefix='${prefix}'
host='x86_64-unknown-linux-gnu'
host_alias=''
host_cpu='x86_64'
host_os='linux-gnu'
host_vendor='unknown'
htmldir='${docdir}'
includedir='${prefix}/include'
infodir='${datarootdir}/info'
install_sh='${SHELL} /home/mayank4t/public_html/gateway/sqlbox/autotools/install-sh'
libdir='${exec_prefix}/lib'
libexecdir='${exec_prefix}/libexec'
localedir='${datarootdir}/locale'
localstatedir='${prefix}/var'
lt_ECHO='echo'
mandir='${datarootdir}/man'
mkdir_p='/bin/mkdir -p'
oldincludedir='/usr/include'
pdfdir='${docdir}'
prefix='/usr/local'
program_transform_name='s,x,x,'
psdir='${docdir}'
rpm_requires='mysql-devel >= 3.23'
rpm_suffix='mysql'
sbindir='${exec_prefix}/sbin'
sharedstatedir='${prefix}/com'
sysconfdir='${prefix}/etc'
target_alias=''

## ----------- ##
## confdefs.h. ##
## ----------- ##

#define PACKAGE_NAME "sqlbox"
#define PACKAGE_TARNAME "sqlbox"
#define PACKAGE_VERSION "cvs"
#define PACKAGE_STRING "sqlbox cvs"
#define PACKAGE_BUGREPORT "devel@kannel.org"
#define VERSION "svn-r"
#define PACKAGE "SqlBox"
#define VERSION "svn-r"
#define STDC_HEADERS 1
#define HAVE_SYS_TYPES_H 1
#define HAVE_SYS_STAT_H 1
#define HAVE_STDLIB_H 1
#define HAVE_STRING_H 1
#define HAVE_MEMORY_H 1
#define HAVE_STRINGS_H 1
#define HAVE_INTTYPES_H 1
#define HAVE_STDINT_H 1
#define HAVE_UNISTD_H 1
#define HAVE_DLFCN_H 1
#define LT_OBJDIR ".libs/"
#define HAVE_DIRENT_H 1
#define STDC_HEADERS 1
#define HAVE_SYS_WAIT_H 1
#define HAVE_STDLIB_H 1
#define HAVE_MALLOC 1
#define HAVE_LIBGWLIB 1

configure: exit 0
